SF:C:\Dev\xunit\xunit\src\xunit.runner.reporters\Utility\EnvironmentHelper.cs
FN:17,System.String Xunit.EnvironmentHelper::GetEnvironmentVariable(System.String)
FNDA:6,System.String Xunit.EnvironmentHelper::GetEnvironmentVariable(System.String)
DA:18,6
FN:22,System.Reflection.MethodInfo Xunit.EnvironmentHelper::GetEnvironmentVariableMethod()
FNDA:1,System.Reflection.MethodInfo Xunit.EnvironmentHelper::GetEnvironmentVariableMethod()
DA:23,1
DA:24,1
DA:25,0
DA:27,1
BRDA:24,40,0,0
BRDA:24,40,1,1
FN:13,System.Void Xunit.EnvironmentHelper::.cctor()
FNDA:1,System.Void Xunit.EnvironmentHelper::.cctor()
DA:14,1
LF:6
LH:5
BRF:2
BRH:1
FNF:3
FNH:3
end_of_record
SF:C:\Dev\xunit\xunit\src\common\Json.cs
FN:25,System.Int32 Xunit.JsonArray::get_Length()
FNDA:0,System.Int32 Xunit.JsonArray::get_Length()
DA:26,0
FN:30,Xunit.JsonValue Xunit.JsonArray::get_Item(System.Int32)
FNDA:0,Xunit.JsonValue Xunit.JsonArray::get_Item(System.Int32)
DA:31,0
FN:13,System.Void Xunit.JsonArray::.ctor(Xunit.JsonValue[],System.Int32,System.Int32)
FNDA:0,System.Void Xunit.JsonArray::.ctor(Xunit.JsonValue[],System.Int32,System.Int32)
DA:14,0
DA:16,0
DA:18,0
DA:21,0
DA:22,0
BRDA:16,9,0,0
BRDA:16,9,1,0
FN:53,System.Boolean Xunit.JsonBoolean::get_Value()
FNDA:0,System.Boolean Xunit.JsonBoolean::get_Value()
DA:54,0
FN:57,System.Boolean Xunit.JsonBoolean::op_Implicit(Xunit.JsonBoolean)
FNDA:0,System.Boolean Xunit.JsonBoolean::op_Implicit(Xunit.JsonBoolean)
DA:58,0
FN:37,System.Void Xunit.JsonBoolean::.ctor(Xunit.JsonToken)
FNDA:0,System.Void Xunit.JsonBoolean::.ctor(Xunit.JsonToken)
DA:38,0
DA:40,0
DA:42,0
DA:43,0
DA:44,0
DA:46,0
DA:47,0
DA:50,0
BRDA:40,25,0,0
BRDA:40,25,1,0
BRDA:44,42,0,0
BRDA:44,42,1,0
FN:85,Xunit.JsonToken Xunit.JsonBuffer::Read()
FNDA:0,Xunit.JsonToken Xunit.JsonBuffer::Read()
DA:86,0
DA:88,0
DA:90,0
DA:91,0
DA:93,0
DA:99,0
DA:100,0
DA:101,0
DA:103,0
DA:105,0
DA:106,0
DA:107,0
DA:109,0
DA:110,0
DA:111,0
DA:113,0
DA:114,0
DA:115,0
DA:117,0
DA:118,0
DA:119,0
DA:121,0
DA:122,0
DA:123,0
DA:125,0
DA:126,0
DA:127,0
DA:129,0
DA:130,0
DA:131,0
DA:132,0
DA:134,0
DA:135,0
DA:136,0
DA:137,0
DA:139,0
DA:140,0
DA:141,0
DA:142,0
DA:144,0
DA:145,0
DA:146,0
DA:147,0
DA:149,0
DA:150,0
DA:151,0
DA:154,0
DA:155,0
DA:156,0
DA:160,0
BRDA:93,37,1,0
BRDA:88,9,0,0
BRDA:88,9,1,0
BRDA:93,37,0,0
BRDA:103,97,0,0
BRDA:103,97,1,0
BRDA:107,119,0,0
BRDA:107,119,1,0
BRDA:111,141,0,0
BRDA:111,141,1,0
BRDA:115,163,0,0
BRDA:115,163,1,0
BRDA:119,185,0,0
BRDA:119,185,1,0
BRDA:123,207,0,0
BRDA:123,207,1,0
BRDA:127,229,0,0
BRDA:127,229,1,0
BRDA:132,269,0,0
BRDA:132,269,1,0
BRDA:137,299,0,0
BRDA:137,299,1,0
BRDA:142,329,0,0
BRDA:142,329,1,0
BRDA:147,359,0,0
BRDA:147,359,1,0
BRDA:147,364,0,0
BRDA:147,364,1,0
BRDA:147,369,0,0
BRDA:147,369,1,0
FN:166,System.Int32 Xunit.JsonBuffer::ReadNextChar()
FNDA:0,System.Int32 Xunit.JsonBuffer::ReadNextChar()
DA:167,0
DA:168,0
DA:169,0
DA:173,0
DA:177,0
DA:178,0
DA:180,0
DA:185,0
BRDA:169,38,1,0
BRDA:169,28,0,0
BRDA:169,33,0,0
BRDA:169,28,1,0
BRDA:169,33,1,0
BRDA:169,38,0,0
FN:194,System.String Xunit.JsonBuffer::ReadNumber(System.Int32)
FNDA:0,System.String Xunit.JsonBuffer::ReadNumber(System.Int32)
DA:195,0
DA:197,0
DA:201,0
DA:203,0
DA:204,0
DA:205,0
DA:206,0
DA:208,0
DA:209,0
DA:216,0
BRDA:203,41,0,0
BRDA:203,41,1,0
BRDA:203,46,0,0
BRDA:203,51,0,0
BRDA:203,56,0,0
BRDA:203,46,1,0
BRDA:203,51,1,0
BRDA:203,56,1,0
BRDA:203,61,0,0
BRDA:203,61,1,0
FN:220,System.Void Xunit.JsonBuffer::ReadLiteral(System.String)
FNDA:0,System.Void Xunit.JsonBuffer::ReadLiteral(System.String)
DA:221,0
DA:223,0
DA:224,0
DA:226,0
DA:227,0
DA:228,0
DA:232,0
DA:236,0
DA:237,0
DA:238,0
DA:239,0
DA:240,0
DA:241,0
DA:242,0
DA:244,0
DA:245,0
DA:246,0
DA:248,0
BRDA:221,66,1,0
BRDA:224,22,0,0
BRDA:224,22,1,0
BRDA:221,66,0,0
BRDA:237,83,0,0
BRDA:237,88,0,0
BRDA:237,93,0,0
BRDA:237,98,0,0
BRDA:237,102,0,0
BRDA:237,110,0,0
BRDA:237,83,1,0
BRDA:237,88,1,0
BRDA:237,93,1,0
BRDA:237,98,1,0
BRDA:237,102,1,0
BRDA:237,110,1,0
FN:254,System.String Xunit.JsonBuffer::ReadString()
FNDA:0,System.String Xunit.JsonBuffer::ReadString()
DA:255,0
DA:257,0
DA:259,0
DA:261,0
DA:263,0
DA:265,0
DA:266,0
DA:267,0
DA:269,0
DA:271,0
DA:273,0
DA:274,0
DA:275,0
DA:278,0
DA:279,0
DA:280,0
DA:283,0
DA:284,0
DA:285,0
DA:288,0
DA:289,0
DA:290,0
DA:293,0
DA:294,0
DA:295,0
DA:298,0
DA:299,0
DA:300,0
DA:303,0
DA:304,0
DA:309,0
DA:311,0
DA:313,0
DA:314,0
DA:316,0
DA:317,0
DA:318,0
DA:319,0
DA:323,0
DA:329,0
DA:330,0
DA:331,0
DA:332,0
DA:334,0
DA:335,0
DA:336,0
DA:337,0
DA:338,0
DA:343,0
DA:344,0
DA:345,0
DA:346,0
DA:349,0
DA:350,0
DA:351,0
DA:353,0
DA:354,0
DA:355,0
DA:361,0
DA:365,0
BRDA:263,23,0,0
BRDA:263,23,1,0
BRDA:263,28,0,0
BRDA:263,28,1,0
BRDA:269,54,0,0
BRDA:271,62,0,0
BRDA:271,67,0,0
BRDA:271,62,1,0
BRDA:271,67,1,0
BRDA:271,72,0,0
BRDA:271,72,1,0
BRDA:275,96,0,0
BRDA:275,96,1,0
BRDA:280,119,0,0
BRDA:280,119,1,0
BRDA:285,143,0,0
BRDA:285,143,1,0
BRDA:290,167,0,0
BRDA:290,167,1,0
BRDA:295,191,0,0
BRDA:295,191,1,0
BRDA:300,215,0,0
BRDA:311,299,1,0
BRDA:314,260,0,0
BRDA:314,260,1,0
BRDA:311,299,0,0
BRDA:300,215,1,0
BRDA:269,54,1,0
BRDA:351,429,0,0
BRDA:351,429,1,0
BRDA:355,441,0,0
BRDA:355,441,1,0
FN:369,System.Boolean Xunit.JsonBuffer::IsWhitespace(System.Int32)
FNDA:0,System.Boolean Xunit.JsonBuffer::IsWhitespace(System.Int32)
DA:370,0
BRDA:370,3,0,0
BRDA:370,8,0,0
BRDA:370,3,1,0
BRDA:370,8,1,0
FN:67,System.Void Xunit.JsonBuffer::.ctor(System.IO.TextReader)
FNDA:0,System.Void Xunit.JsonBuffer::.ctor(System.IO.TextReader)
DA:68,0
DA:69,0
DA:75,0
DA:77,0
DA:78,0
DA:79,0
FN:377,Xunit.JsonValue Xunit.JsonDeserializer::Deserialize(System.IO.TextReader)
FNDA:0,Xunit.JsonValue Xunit.JsonDeserializer::Deserialize(System.IO.TextReader)
DA:378,0
DA:380,0
DA:383,0
DA:385,0
DA:388,0
DA:389,0
DA:391,0
DA:392,0
DA:393,0
DA:396,0
BRDA:378,1,0,0
BRDA:378,1,1,0
BRDA:389,48,0,0
BRDA:389,48,1,0
FN:400,Xunit.JsonValue Xunit.JsonDeserializer::DeserializeInternal(Xunit.JsonToken,Xunit.JsonBuffer)
FNDA:0,Xunit.JsonValue Xunit.JsonDeserializer::DeserializeInternal(Xunit.JsonToken,Xunit.JsonBuffer)
DA:401,0
DA:403,0
DA:406,0
DA:408,0
DA:411,0
DA:413,0
DA:416,0
DA:418,0
DA:421,0
DA:423,0
DA:426,0
DA:428,0
DA:431,0
DA:433,0
DA:436,0
DA:437,0
DA:438,0
BRDA:401,8,0,0
BRDA:401,8,1,0
BRDA:406,19,0,0
BRDA:406,19,1,0
BRDA:411,35,0,0
BRDA:411,35,1,0
BRDA:416,53,0,0
BRDA:416,53,1,0
BRDA:421,86,0,0
BRDA:421,86,1,0
BRDA:421,95,0,0
BRDA:421,95,1,0
BRDA:426,111,0,0
BRDA:426,111,1,0
BRDA:431,139,0,0
BRDA:431,139,1,0
FN:442,Xunit.JsonArray Xunit.JsonDeserializer::DeserializeArray(Xunit.JsonToken,Xunit.JsonBuffer)
FNDA:0,Xunit.JsonArray Xunit.JsonDeserializer::DeserializeArray(Xunit.JsonToken,Xunit.JsonBuffer)
DA:443,0
DA:446,0
DA:447,0
DA:452,0
DA:454,0
DA:455,0
DA:457,0
DA:458,0
DA:459,0
DA:461,0
DA:465,0
DA:467,0
DA:468,0
DA:469,0
DA:473,0
BRDA:465,89,1,0
BRDA:447,20,0,0
BRDA:455,50,0,0
BRDA:455,50,1,0
BRDA:461,80,0,0
BRDA:465,89,0,0
BRDA:447,20,1,0
BRDA:461,80,1,0
FN:477,Xunit.JsonObject Xunit.JsonDeserializer::DeserializeObject(Xunit.JsonToken,Xunit.JsonBuffer)
FNDA:0,Xunit.JsonObject Xunit.JsonDeserializer::DeserializeObject(Xunit.JsonToken,Xunit.JsonBuffer)
DA:478,0
DA:483,0
DA:484,0
DA:486,0
DA:487,0
DA:488,0
DA:491,0
DA:493,0
DA:494,0
DA:495,0
DA:497,0
DA:503,0
DA:505,0
DA:506,0
DA:507,0
DA:510,0
DA:511,0
DA:513,0
DA:514,0
DA:515,0
DA:518,0
DA:519,0
DA:521,0
DA:522,0
DA:523,0
DA:526,0
DA:528,0
DA:529,0
DA:533,0
DA:535,0
DA:536,0
DA:537,0
DA:542,0
BRDA:533,220,1,0
BRDA:484,21,0,0
BRDA:484,21,1,0
BRDA:491,49,0,0
BRDA:491,49,1,0
BRDA:497,77,0,0
BRDA:503,90,0,0
BRDA:503,90,1,0
BRDA:511,128,0,0
BRDA:511,128,1,0
BRDA:519,157,0,0
BRDA:519,157,1,0
BRDA:529,211,0,0
BRDA:533,220,0,0
BRDA:497,77,1,0
BRDA:529,211,1,0
FN:568,System.Int32 Xunit.JsonDeserializerException::get_Line()
FNDA:0,System.Int32 Xunit.JsonDeserializerException::get_Line()
DA:569,0
FN:570,System.Int32 Xunit.JsonDeserializerException::get_Column()
FNDA:0,System.Int32 Xunit.JsonDeserializerException::get_Column()
DA:571,0
FN:548,System.Void Xunit.JsonDeserializerException::.ctor(System.String,System.Exception,System.Int32,System.Int32)
FNDA:0,System.Void Xunit.JsonDeserializerException::.ctor(System.String,System.Exception,System.Int32,System.Int32)
DA:549,0
DA:551,0
DA:552,0
DA:553,0
FN:555,System.Void Xunit.JsonDeserializerException::.ctor(System.String,System.Int32,System.Int32)
FNDA:0,System.Void Xunit.JsonDeserializerException::.ctor(System.String,System.Int32,System.Int32)
DA:556,0
DA:558,0
DA:559,0
DA:560,0
FN:562,System.Void Xunit.JsonDeserializerException::.ctor(System.String,Xunit.JsonToken)
FNDA:0,System.Void Xunit.JsonDeserializerException::.ctor(System.String,Xunit.JsonToken)
DA:563,0
DA:565,0
DA:566,0
DA:567,0
FN:577,System.String Xunit.JsonDeserializerResource::Format_IllegalCharacter(System.Int32)
FNDA:0,System.String Xunit.JsonDeserializerResource::Format_IllegalCharacter(System.Int32)
DA:578,0
FN:582,System.String Xunit.JsonDeserializerResource::Format_IllegalTrailingCharacterAfterLiteral(System.Int32,System.String)
FNDA:0,System.String Xunit.JsonDeserializerResource::Format_IllegalTrailingCharacterAfterLiteral(System.Int32,System.String)
DA:583,0
FN:587,System.String Xunit.JsonDeserializerResource::Format_UnrecognizedLiteral(System.String)
FNDA:0,System.String Xunit.JsonDeserializerResource::Format_UnrecognizedLiteral(System.String)
DA:588,0
FN:592,System.String Xunit.JsonDeserializerResource::Format_DuplicateObjectMemberName(System.String)
FNDA:0,System.String Xunit.JsonDeserializerResource::Format_DuplicateObjectMemberName(System.String)
DA:593,0
FN:597,System.String Xunit.JsonDeserializerResource::Format_InvalidFloatNumberFormat(System.String)
FNDA:0,System.String Xunit.JsonDeserializerResource::Format_InvalidFloatNumberFormat(System.String)
DA:598,0
FN:602,System.String Xunit.JsonDeserializerResource::Format_FloatNumberOverflow(System.String)
FNDA:0,System.String Xunit.JsonDeserializerResource::Format_FloatNumberOverflow(System.String)
DA:603,0
FN:607,System.String Xunit.JsonDeserializerResource::Format_InvalidSyntax(System.String,System.String)
FNDA:0,System.String Xunit.JsonDeserializerResource::Format_InvalidSyntax(System.String,System.String)
DA:608,0
FN:612,System.String Xunit.JsonDeserializerResource::Format_InvalidSyntaxNotExpected(System.String,System.Char)
FNDA:0,System.String Xunit.JsonDeserializerResource::Format_InvalidSyntaxNotExpected(System.String,System.Char)
DA:613,0
FN:617,System.String Xunit.JsonDeserializerResource::Format_InvalidSyntaxNotExpected(System.String,System.String)
FNDA:0,System.String Xunit.JsonDeserializerResource::Format_InvalidSyntaxNotExpected(System.String,System.String)
DA:618,0
FN:622,System.String Xunit.JsonDeserializerResource::Format_InvalidSyntaxExpectation(System.String,System.Char)
FNDA:0,System.String Xunit.JsonDeserializerResource::Format_InvalidSyntaxExpectation(System.String,System.Char)
DA:623,0
FN:627,System.String Xunit.JsonDeserializerResource::Format_InvalidSyntaxExpectation(System.String,System.String)
FNDA:0,System.String Xunit.JsonDeserializerResource::Format_InvalidSyntaxExpectation(System.String,System.String)
DA:628,0
FN:632,System.String Xunit.JsonDeserializerResource::Format_InvalidSyntaxExpectation(System.String,System.Char,System.Char)
FNDA:0,System.String Xunit.JsonDeserializerResource::Format_InvalidSyntaxExpectation(System.String,System.Char,System.Char)
DA:633,0
FN:637,System.String Xunit.JsonDeserializerResource::Format_InvalidTokenExpectation(System.String,System.String)
FNDA:0,System.String Xunit.JsonDeserializerResource::Format_InvalidTokenExpectation(System.String,System.String)
DA:638,0
FN:642,System.String Xunit.JsonDeserializerResource::Format_InvalidUnicode(System.String)
FNDA:0,System.String Xunit.JsonDeserializerResource::Format_InvalidUnicode(System.String)
DA:643,0
FN:647,System.String Xunit.JsonDeserializerResource::Format_UnfinishedJSON(System.String)
FNDA:0,System.String Xunit.JsonDeserializerResource::Format_UnfinishedJSON(System.String)
DA:648,0
FN:652,System.String Xunit.JsonDeserializerResource::get_JSON_OpenString()
FNDA:0,System.String Xunit.JsonDeserializerResource::get_JSON_OpenString()
DA:653,0
FN:657,System.String Xunit.JsonDeserializerResource::get_JSON_InvalidEnd()
FNDA:0,System.String Xunit.JsonDeserializerResource::get_JSON_InvalidEnd()
DA:658,0
FN:664,System.Void Xunit.JsonNull::.ctor(System.Int32,System.Int32)
FNDA:0,System.Void Xunit.JsonNull::.ctor(System.Int32,System.Int32)
DA:665,0
DA:667,0
FN:702,System.Double Xunit.JsonNumber::get_Double()
FNDA:0,System.Double Xunit.JsonNumber::get_Double()
DA:703,0
FN:707,System.String Xunit.JsonNumber::get_Raw()
FNDA:0,System.String Xunit.JsonNumber::get_Raw()
DA:708,0
FN:675,System.Void Xunit.JsonNumber::.ctor(Xunit.JsonToken)
FNDA:0,System.Void Xunit.JsonNumber::.ctor(Xunit.JsonToken)
DA:676,0
DA:680,0
DA:681,0
DA:682,0
DA:683,0
DA:685,0
DA:686,0
DA:687,0
DA:688,0
DA:689,0
DA:691,0
DA:693,0
DA:694,0
DA:695,0
DA:696,0
DA:697,0
DA:699,0
FN:728,System.Collections.Generic.ICollection`1<System.String> Xunit.JsonObject::get_Keys()
FNDA:0,System.Collections.Generic.ICollection`1<System.String> Xunit.JsonObject::get_Keys()
DA:729,0
FN:734,Xunit.JsonValue Xunit.JsonObject::Value(System.String)
FNDA:0,Xunit.JsonValue Xunit.JsonObject::Value(System.String)
DA:735,0
DA:737,0
DA:740,0
BRDA:735,14,0,0
BRDA:735,14,1,0
FN:744,Xunit.JsonObject Xunit.JsonObject::ValueAsJsonObject(System.String)
FNDA:0,Xunit.JsonObject Xunit.JsonObject::ValueAsJsonObject(System.String)
DA:745,0
FN:749,Xunit.JsonString Xunit.JsonObject::ValueAsString(System.String)
FNDA:0,Xunit.JsonString Xunit.JsonObject::ValueAsString(System.String)
DA:750,0
FN:754,System.Int32 Xunit.JsonObject::ValueAsInt(System.String)
FNDA:0,System.Int32 Xunit.JsonObject::ValueAsInt(System.String)
DA:755,0
DA:756,0
DA:758,0
DA:760,0
BRDA:756,13,0,0
BRDA:756,13,1,0
FN:764,System.Boolean Xunit.JsonObject::ValueAsBoolean(System.String,System.Boolean)
FNDA:0,System.Boolean Xunit.JsonObject::ValueAsBoolean(System.String,System.Boolean)
DA:765,0
DA:766,0
DA:768,0
DA:771,0
BRDA:766,14,0,0
BRDA:766,14,1,0
FN:775,System.Nullable`1<System.Boolean> Xunit.JsonObject::ValueAsNullableBoolean(System.String)
FNDA:0,System.Nullable`1<System.Boolean> Xunit.JsonObject::ValueAsNullableBoolean(System.String)
DA:776,0
DA:777,0
DA:779,0
DA:782,0
BRDA:777,14,0,0
BRDA:777,14,1,0
FN:786,System.String[] Xunit.JsonObject::ValueAsStringArray(System.String)
FNDA:0,System.String[] Xunit.JsonObject::ValueAsStringArray(System.String)
DA:787,0
DA:788,0
DA:790,0
DA:793,0
DA:795,0
DA:797,0
DA:798,0
DA:801,0
BRDA:788,14,0,0
BRDA:788,14,1,0
BRDA:795,73,1,0
BRDA:798,50,0,0
BRDA:798,50,1,0
BRDA:795,73,0,0
FN:716,System.Void Xunit.JsonObject::.ctor(System.Collections.Generic.IDictionary`2<System.String,Xunit.JsonValue>,System.Int32,System.Int32)
FNDA:0,System.Void Xunit.JsonObject::.ctor(System.Collections.Generic.IDictionary`2<System.String,Xunit.JsonValue>,System.Int32,System.Int32)
DA:717,0
DA:719,0
DA:721,0
DA:724,0
DA:725,0
BRDA:719,9,0,0
BRDA:719,9,1,0
FN:821,System.String Xunit.JsonString::get_Value()
FNDA:0,System.String Xunit.JsonString::get_Value()
DA:822,0
FN:826,System.String Xunit.JsonString::ToString()
FNDA:0,System.String Xunit.JsonString::ToString()
DA:827,0
FN:831,System.String Xunit.JsonString::op_Implicit(Xunit.JsonString)
FNDA:0,System.String Xunit.JsonString::op_Implicit(Xunit.JsonString)
DA:832,0
DA:834,0
DA:838,0
BRDA:832,1,0,0
BRDA:832,1,1,0
FN:809,System.Void Xunit.JsonString::.ctor(System.String,System.Int32,System.Int32)
FNDA:0,System.Void Xunit.JsonString::.ctor(System.String,System.Int32,System.Int32)
DA:810,0
DA:812,0
DA:814,0
DA:817,0
DA:818,0
BRDA:812,9,0,0
BRDA:812,9,1,0
FN:874,System.Int32 Xunit.JsonValue::get_Line()
FNDA:0,System.Int32 Xunit.JsonValue::get_Line()
DA:875,0
FN:876,System.Int32 Xunit.JsonValue::get_Column()
FNDA:0,System.Int32 Xunit.JsonValue::get_Column()
DA:877,0
FN:868,System.Void Xunit.JsonValue::.ctor(System.Int32,System.Int32)
FNDA:0,System.Void Xunit.JsonValue::.ctor(System.Int32,System.Int32)
DA:869,0
DA:871,0
DA:872,0
DA:873,0
LF:344
LH:0
BRF:168
BRH:0
FNF:59
FNH:0
end_of_record
SF:C:\Dev\xunit\xunit\src\common\XunitWorkerThread.cs
FN:75,System.Void Xunit.Sdk.XunitWorkerThread::Dispose()
FNDA:0,System.Void Xunit.Sdk.XunitWorkerThread::Dispose()
DA:76,0
FN:79,System.Void Xunit.Sdk.XunitWorkerThread::Join()
FNDA:0,System.Void Xunit.Sdk.XunitWorkerThread::Join()
DA:80,0
DA:81,0
DA:82,0
BRDA:80,11,0,0
BRDA:80,11,1,0
FN:85,System.Void Xunit.Sdk.XunitWorkerThread::QueueUserWorkItem(System.Action,System.Threading.EventWaitHandle)
FNDA:0,System.Void Xunit.Sdk.XunitWorkerThread::QueueUserWorkItem(System.Action,System.Threading.EventWaitHandle)
DA:86,0
DA:87,0
DA:88,0
DA:89,0
DA:90,0
DA:91,0
DA:92,0
DA:93,0
DA:94,0
DA:95,0
DA:96,0
DA:97,0
DA:98,0
DA:99,0
DA:100,0
DA:101,0
BRDA:86,6,0,0
BRDA:86,6,1,0
FN:69,System.Void Xunit.Sdk.XunitWorkerThread::.ctor(System.Action)
FNDA:0,System.Void Xunit.Sdk.XunitWorkerThread::.ctor(System.Action)
DA:70,0
DA:72,0
DA:73,0
DA:74,0
BRDA:72,13,0,0
BRDA:72,13,1,0
LF:24
LH:0
BRF:8
BRH:0
FNF:4
FNH:0
end_of_record
SF:C:\Dev\xunit\xunit\src\xunit.runner.reporters\AppVeyorClient.cs
FN:42,System.Void Xunit.Runner.Reporters.AppVeyorClient::WaitOne(System.Threading.CancellationToken)
FNDA:0,System.Void Xunit.Runner.Reporters.AppVeyorClient::WaitOne(System.Threading.CancellationToken)
DA:43,0
DA:44,0
DA:46,0
DA:47,0
DA:48,0
FN:81,System.Void Xunit.Runner.Reporters.AppVeyorClient::AddTest(System.Collections.Generic.IDictionary`2<System.String,System.Object>)
FNDA:0,System.Void Xunit.Runner.Reporters.AppVeyorClient::AddTest(System.Collections.Generic.IDictionary`2<System.String,System.Object>)
DA:82,0
DA:83,0
DA:84,0
FN:87,System.Void Xunit.Runner.Reporters.AppVeyorClient::UpdateTest(System.Collections.Generic.IDictionary`2<System.String,System.Object>)
FNDA:0,System.Void Xunit.Runner.Reporters.AppVeyorClient::UpdateTest(System.Collections.Generic.IDictionary`2<System.String,System.Object>)
DA:88,0
DA:89,0
DA:90,0
FN:129,System.String Xunit.Runner.Reporters.AppVeyorClient::ToJson(System.Collections.Generic.IEnumerable`1<System.Collections.Generic.IDictionary`2<System.String,System.Object>>)
FNDA:0,System.String Xunit.Runner.Reporters.AppVeyorClient::ToJson(System.Collections.Generic.IEnumerable`1<System.Collections.Generic.IDictionary`2<System.String,System.Object>>)
DA:130,0
DA:131,0
BRDA:130,12,0,0
BRDA:130,12,1,0
FN:17,System.Void Xunit.Runner.Reporters.AppVeyorClient::.ctor(Xunit.IRunnerLogger,System.String)
FNDA:0,System.Void Xunit.Runner.Reporters.AppVeyorClient::.ctor(Xunit.IRunnerLogger,System.String)
DA:18,0
DA:20,0
DA:21,0
DA:23,0
DA:24,0
DA:26,0
DA:27,0
DA:32,0
DA:33,0
DA:36,0
DA:38,0
FN:53,System.Void Xunit.Runner.Reporters.AppVeyorClient/<RunLoop>d__13::MoveNext()
FNDA:0,System.Void Xunit.Runner.Reporters.AppVeyorClient/<RunLoop>d__13::MoveNext()
DA:54,0
DA:56,0
DA:57,0
DA:60,0
DA:61,0
DA:63,0
DA:66,0
DA:67,0
DA:68,0
DA:69,0
DA:71,0
DA:72,0
DA:75,0
DA:77,0
BRDA:54,254,1,0
BRDA:54,270,1,0
BRDA:54,286,1,0
BRDA:63,92,0,0
BRDA:66,172,0,0
BRDA:66,172,1,0
BRDA:54,254,0,0
BRDA:54,270,0,0
BRDA:63,92,1,0
BRDA:54,286,0,0
BRDA:72,300,0,0
BRDA:72,300,1,0
FN:93,System.Void Xunit.Runner.Reporters.AppVeyorClient/<SendRequest>d__16::MoveNext()
FNDA:0,System.Void Xunit.Runner.Reporters.AppVeyorClient/<SendRequest>d__16::MoveNext()
DA:94,0
DA:95,0
DA:97,0
DA:101,0
DA:103,0
DA:104,0
DA:105,0
DA:106,0
DA:107,0
DA:108,0
DA:110,0
DA:112,0
DA:113,0
DA:115,0
DA:116,0
DA:118,0
DA:119,0
DA:120,0
DA:122,0
DA:123,0
DA:125,0
BRDA:94,28,0,0
BRDA:94,28,1,0
BRDA:97,54,0,0
BRDA:97,54,1,0
BRDA:110,174,0,0
BRDA:112,223,0,0
BRDA:110,174,1,0
BRDA:112,223,1,0
BRDA:113,306,0,0
BRDA:113,306,1,0
LF:59
LH:0
BRF:24
BRH:0
FNF:7
FNH:0
end_of_record
SF:C:\Dev\xunit\xunit\src\xunit.runner.reporters\AppVeyorReporter.cs
FN:7,System.String Xunit.Runner.Reporters.AppVeyorReporter::get_Description()
FNDA:0,System.String Xunit.Runner.Reporters.AppVeyorReporter::get_Description()
DA:8,0
FN:10,System.Boolean Xunit.Runner.Reporters.AppVeyorReporter::get_IsEnvironmentallyEnabled()
FNDA:2,System.Boolean Xunit.Runner.Reporters.AppVeyorReporter::get_IsEnvironmentallyEnabled()
DA:11,2
FN:13,System.String Xunit.Runner.Reporters.AppVeyorReporter::get_RunnerSwitch()
FNDA:0,System.String Xunit.Runner.Reporters.AppVeyorReporter::get_RunnerSwitch()
DA:14,0
FN:17,Xunit.Abstractions.IMessageSink Xunit.Runner.Reporters.AppVeyorReporter::CreateMessageHandler(Xunit.IRunnerLogger)
FNDA:0,Xunit.Abstractions.IMessageSink Xunit.Runner.Reporters.AppVeyorReporter::CreateMessageHandler(Xunit.IRunnerLogger)
DA:18,0
DA:19,0
DA:20,0
DA:21,0
BRDA:19,12,0,0
BRDA:19,12,1,0
LF:7
LH:1
BRF:2
BRH:0
FNF:4
FNH:1
end_of_record
SF:C:\Dev\xunit\xunit\src\xunit.runner.reporters\AppVeyorReporterMessageHandler.cs
FN:35,System.Void Xunit.Runner.Reporters.AppVeyorReporterMessageHandler::HandleTestAssemblyFinished(Xunit.MessageHandlerArgs`1<Xunit.Abstractions.ITestAssemblyFinished>)
FNDA:0,System.Void Xunit.Runner.Reporters.AppVeyorReporterMessageHandler::HandleTestAssemblyFinished(Xunit.MessageHandlerArgs`1<Xunit.Abstractions.ITestAssemblyFinished>)
DA:36,0
DA:38,0
DA:40,0
DA:43,0
DA:44,0
DA:46,0
DA:47,0
BRDA:40,37,0,0
BRDA:40,37,1,0
FN:50,System.Void Xunit.Runner.Reporters.AppVeyorReporterMessageHandler::HandleTestAssemblyStarting(Xunit.MessageHandlerArgs`1<Xunit.Abstractions.ITestAssemblyStarting>)
FNDA:0,System.Void Xunit.Runner.Reporters.AppVeyorReporterMessageHandler::HandleTestAssemblyStarting(Xunit.MessageHandlerArgs`1<Xunit.Abstractions.ITestAssemblyStarting>)
DA:51,0
DA:53,0
DA:56,0
DA:57,0
DA:59,0
DA:60,0
DA:61,0
DA:63,0
DA:65,0
DA:66,0
DA:67,0
DA:68,0
BRDA:57,63,0,0
BRDA:57,63,1,0
BRDA:60,113,0,0
BRDA:60,113,1,0
BRDA:65,182,0,0
BRDA:65,182,1,0
FN:71,System.Void Xunit.Runner.Reporters.AppVeyorReporterMessageHandler::HandleTestStarting(Xunit.MessageHandlerArgs`1<Xunit.Abstractions.ITestStarting>)
FNDA:0,System.Void Xunit.Runner.Reporters.AppVeyorReporterMessageHandler::HandleTestStarting(Xunit.MessageHandlerArgs`1<Xunit.Abstractions.ITestStarting>)
DA:72,0
DA:74,0
DA:75,0
DA:76,0
DA:77,0
DA:79,0
DA:80,0
BRDA:76,74,0,0
BRDA:76,74,1,0
FN:83,System.Void Xunit.Runner.Reporters.AppVeyorReporterMessageHandler::HandleTestPassed(Xunit.MessageHandlerArgs`1<Xunit.Abstractions.ITestPassed>)
FNDA:0,System.Void Xunit.Runner.Reporters.AppVeyorReporterMessageHandler::HandleTestPassed(Xunit.MessageHandlerArgs`1<Xunit.Abstractions.ITestPassed>)
DA:84,0
DA:85,0
DA:87,0
DA:88,0
DA:90,0
DA:91,0
FN:94,System.Void Xunit.Runner.Reporters.AppVeyorReporterMessageHandler::HandleTestSkipped(Xunit.MessageHandlerArgs`1<Xunit.Abstractions.ITestSkipped>)
FNDA:0,System.Void Xunit.Runner.Reporters.AppVeyorReporterMessageHandler::HandleTestSkipped(Xunit.MessageHandlerArgs`1<Xunit.Abstractions.ITestSkipped>)
DA:95,0
DA:96,0
DA:98,0
DA:99,0
DA:101,0
DA:102,0
FN:105,System.Void Xunit.Runner.Reporters.AppVeyorReporterMessageHandler::HandleTestFailed(Xunit.MessageHandlerArgs`1<Xunit.Abstractions.ITestFailed>)
FNDA:0,System.Void Xunit.Runner.Reporters.AppVeyorReporterMessageHandler::HandleTestFailed(Xunit.MessageHandlerArgs`1<Xunit.Abstractions.ITestFailed>)
DA:106,0
DA:108,0
DA:109,0
DA:110,0
DA:111,0
DA:113,0
DA:114,0
FN:119,System.String Xunit.Runner.Reporters.AppVeyorReporterMessageHandler::GetFinishedTestName(System.String,System.Collections.Generic.Dictionary`2<System.String,System.Int32>)
FNDA:0,System.String Xunit.Runner.Reporters.AppVeyorReporterMessageHandler::GetFinishedTestName(System.String,System.Collections.Generic.Dictionary`2<System.String,System.Int32>)
DA:120,0
DA:122,0
DA:123,0
DA:125,0
DA:127,0
DA:128,0
DA:131,0
DA:132,0
DA:134,0
BRDA:125,23,0,0
BRDA:125,23,1,0
FN:138,System.Void Xunit.Runner.Reporters.AppVeyorReporterMessageHandler::AppVeyorAddTest(System.String,System.String,System.String,System.String,System.Nullable`1<System.Int64>,System.String,System.String,System.String)
FNDA:0,System.Void Xunit.Runner.Reporters.AppVeyorReporterMessageHandler::AppVeyorAddTest(System.String,System.String,System.String,System.String,System.Nullable`1<System.Int64>,System.String,System.String,System.String)
DA:139,0
DA:140,0
DA:141,0
DA:142,0
DA:143,0
DA:144,0
DA:145,0
DA:146,0
DA:147,0
DA:148,0
DA:149,0
DA:151,0
DA:152,0
FN:156,System.Void Xunit.Runner.Reporters.AppVeyorReporterMessageHandler::AppVeyorUpdateTest(System.String,System.String,System.String,System.String,System.Nullable`1<System.Int64>,System.String,System.String,System.String)
FNDA:0,System.Void Xunit.Runner.Reporters.AppVeyorReporterMessageHandler::AppVeyorUpdateTest(System.String,System.String,System.String,System.String,System.Nullable`1<System.Int64>,System.String,System.String,System.String)
DA:157,0
DA:158,0
DA:159,0
DA:160,0
DA:161,0
DA:162,0
DA:163,0
DA:164,0
DA:165,0
DA:166,0
DA:167,0
DA:169,0
DA:170,0
FN:172,System.String Xunit.Runner.Reporters.AppVeyorReporterMessageHandler::TrimStdOut(System.String)
FNDA:0,System.String Xunit.Runner.Reporters.AppVeyorReporterMessageHandler::TrimStdOut(System.String)
DA:173,0
BRDA:173,1,0,0
BRDA:173,1,1,0
BRDA:173,14,0,0
BRDA:173,14,1,0
FN:16,System.Void Xunit.Runner.Reporters.AppVeyorReporterMessageHandler::.ctor(Xunit.IRunnerLogger,System.String)
FNDA:0,System.Void Xunit.Runner.Reporters.AppVeyorReporterMessageHandler::.ctor(Xunit.IRunnerLogger,System.String)
DA:17,0
DA:22,0
DA:25,0
DA:27,0
DA:29,0
DA:30,0
DA:31,0
DA:32,0
LF:89
LH:0
BRF:16
BRH:0
FNF:11
FNH:0
end_of_record
SF:C:\Dev\xunit\xunit\src\xunit.runner.reporters\JsonExtentions.cs
FN:12,System.String Xunit.Runner.Reporters.JsonExtentions::ToJson(System.Collections.Generic.IDictionary`2<System.String,System.Object>)
FNDA:0,System.String Xunit.Runner.Reporters.JsonExtentions::ToJson(System.Collections.Generic.IDictionary`2<System.String,System.Object>)
DA:13,0
DA:15,0
DA:16,0
DA:18,0
BRDA:15,48,1,0
BRDA:15,48,0,0
FN:22,System.Void Xunit.Runner.Reporters.JsonExtentions::AddValue(System.Text.StringBuilder,System.String,System.Object)
FNDA:0,System.Void Xunit.Runner.Reporters.JsonExtentions::AddValue(System.Text.StringBuilder,System.String,System.Object)
DA:23,0
DA:24,0
DA:26,0
DA:27,0
DA:29,0
DA:30,0
DA:31,0
DA:32,0
DA:33,0
DA:34,0
DA:35,0
DA:36,0
DA:38,0
DA:39,0
BRDA:23,1,0,0
BRDA:23,1,1,0
BRDA:26,10,0,0
BRDA:26,10,1,0
BRDA:29,27,0,0
BRDA:29,35,0,0
BRDA:29,43,0,0
BRDA:29,51,0,0
BRDA:29,27,1,0
BRDA:29,35,1,0
BRDA:29,43,1,0
BRDA:29,51,1,0
BRDA:29,59,0,0
BRDA:29,59,1,0
BRDA:31,92,0,0
BRDA:31,92,1,0
BRDA:33,127,0,0
BRDA:33,127,1,0
BRDA:35,175,0,0
BRDA:35,175,1,0
FN:42,System.String Xunit.Runner.Reporters.JsonExtentions::JsonEscape(System.String)
FNDA:0,System.String Xunit.Runner.Reporters.JsonExtentions::JsonEscape(System.String)
DA:43,0
DA:45,0
DA:46,0
DA:48,0
DA:49,0
DA:50,0
DA:51,0
DA:52,0
DA:54,0
DA:55,0
DA:57,0
DA:61,0
BRDA:45,176,1,0
BRDA:46,27,0,0
BRDA:46,55,0,0
BRDA:46,60,0,0
BRDA:46,55,1,0
BRDA:46,27,1,0
BRDA:46,27,5,0
BRDA:46,27,2,0
BRDA:46,27,3,0
BRDA:46,27,4,0
BRDA:46,60,1,0
BRDA:54,135,0,0
BRDA:54,135,1,0
BRDA:45,176,0,0
FN:138,System.Collections.Generic.Dictionary`2<System.String,System.Object> Xunit.Runner.Reporters.JsonExtentions::initObject(System.String,System.Object,System.Type,System.String)
FNDA:0,System.Collections.Generic.Dictionary`2<System.String,System.Object> Xunit.Runner.Reporters.JsonExtentions::initObject(System.String,System.Object,System.Type,System.String)
DA:139,0
DA:141,0
DA:142,0
DA:143,0
DA:145,0
DA:146,0
DA:148,0
BRDA:142,49,0,0
BRDA:142,49,1,0
BRDA:145,103,1,0
BRDA:145,103,0,0
FN:154,System.String Xunit.Runner.Reporters.JsonExtentions::ToJson(Xunit.Abstractions.ITestCollectionStarting,System.String)
FNDA:0,System.String Xunit.Runner.Reporters.JsonExtentions::ToJson(Xunit.Abstractions.ITestCollectionStarting,System.String)
DA:155,0
DA:157,0
FN:161,System.String Xunit.Runner.Reporters.JsonExtentions::ToJson(Xunit.Abstractions.ITestCollectionFinished,System.String)
FNDA:0,System.String Xunit.Runner.Reporters.JsonExtentions::ToJson(Xunit.Abstractions.ITestCollectionFinished,System.String)
DA:162,0
DA:164,0
FN:168,System.String Xunit.Runner.Reporters.JsonExtentions::ToJson(Xunit.Abstractions.ITestFailed,System.String)
FNDA:0,System.String Xunit.Runner.Reporters.JsonExtentions::ToJson(Xunit.Abstractions.ITestFailed,System.String)
DA:169,0
DA:171,0
FN:175,System.String Xunit.Runner.Reporters.JsonExtentions::ToJson(Xunit.Abstractions.ITestSkipped,System.String)
FNDA:0,System.String Xunit.Runner.Reporters.JsonExtentions::ToJson(Xunit.Abstractions.ITestSkipped,System.String)
DA:176,0
DA:177,0
DA:178,0
FN:182,System.String Xunit.Runner.Reporters.JsonExtentions::ToJson(Xunit.Abstractions.ITestStarting,System.String)
FNDA:0,System.String Xunit.Runner.Reporters.JsonExtentions::ToJson(Xunit.Abstractions.ITestStarting,System.String)
DA:183,0
DA:185,0
FN:189,System.String Xunit.Runner.Reporters.JsonExtentions::ToJson(Xunit.Abstractions.IErrorMessage)
FNDA:0,System.String Xunit.Runner.Reporters.JsonExtentions::ToJson(Xunit.Abstractions.IErrorMessage)
DA:190,0
DA:192,0
FN:196,System.String Xunit.Runner.Reporters.JsonExtentions::ToJson(Xunit.Abstractions.ITestPassed,System.String)
FNDA:0,System.String Xunit.Runner.Reporters.JsonExtentions::ToJson(Xunit.Abstractions.ITestPassed,System.String)
DA:197,0
DA:199,0
FN:203,System.String Xunit.Runner.Reporters.JsonExtentions::ToJson(Xunit.Abstractions.ITestMethodCleanupFailure)
FNDA:0,System.String Xunit.Runner.Reporters.JsonExtentions::ToJson(Xunit.Abstractions.ITestMethodCleanupFailure)
DA:204,0
DA:206,0
FN:210,System.String Xunit.Runner.Reporters.JsonExtentions::ToJson(Xunit.Abstractions.ITestCleanupFailure)
FNDA:0,System.String Xunit.Runner.Reporters.JsonExtentions::ToJson(Xunit.Abstractions.ITestCleanupFailure)
DA:211,0
DA:213,0
FN:217,System.String Xunit.Runner.Reporters.JsonExtentions::ToJson(Xunit.Abstractions.ITestCollectionCleanupFailure)
FNDA:0,System.String Xunit.Runner.Reporters.JsonExtentions::ToJson(Xunit.Abstractions.ITestCollectionCleanupFailure)
DA:218,0
DA:220,0
FN:224,System.String Xunit.Runner.Reporters.JsonExtentions::ToJson(Xunit.Abstractions.ITestClassCleanupFailure)
FNDA:0,System.String Xunit.Runner.Reporters.JsonExtentions::ToJson(Xunit.Abstractions.ITestClassCleanupFailure)
DA:225,0
DA:227,0
FN:231,System.String Xunit.Runner.Reporters.JsonExtentions::ToJson(Xunit.Abstractions.ITestAssemblyCleanupFailure)
FNDA:0,System.String Xunit.Runner.Reporters.JsonExtentions::ToJson(Xunit.Abstractions.ITestAssemblyCleanupFailure)
DA:232,0
DA:234,0
FN:238,System.String Xunit.Runner.Reporters.JsonExtentions::ToJson(Xunit.Abstractions.ITestCaseCleanupFailure)
FNDA:0,System.String Xunit.Runner.Reporters.JsonExtentions::ToJson(Xunit.Abstractions.ITestCaseCleanupFailure)
DA:239,0
DA:241,0
FN:67,System.Void Xunit.Runner.Reporters.JsonExtentions::.cctor()
FNDA:0,System.Void Xunit.Runner.Reporters.JsonExtentions::.cctor()
DA:68,0
DA:69,0
DA:70,0
DA:71,0
DA:72,0
DA:73,0
DA:74,0
DA:75,0
DA:76,0
DA:77,0
DA:79,0
DA:80,0
DA:81,0
DA:82,0
DA:83,0
DA:84,0
DA:85,0
DA:86,0
DA:87,0
DA:88,0
DA:89,0
DA:91,0
DA:92,0
DA:93,0
DA:94,0
DA:95,0
DA:96,0
DA:97,0
DA:98,0
DA:99,0
DA:101,0
DA:102,0
DA:103,0
DA:104,0
DA:105,0
DA:106,0
DA:107,0
DA:108,0
DA:110,0
DA:111,0
DA:112,0
DA:113,0
DA:114,0
DA:115,0
DA:116,0
DA:117,0
DA:118,0
DA:120,0
DA:121,0
DA:122,0
DA:123,0
DA:124,0
DA:125,0
DA:126,0
DA:127,0
DA:128,0
DA:129,0
DA:130,0
DA:131,0
DA:132,0
DA:133,0
DA:134,0
DA:135,0
LF:127
LH:0
BRF:50
BRH:0
FNF:18
FNH:0
end_of_record
SF:C:\Dev\xunit\xunit\src\xunit.runner.reporters\JsonReporter.cs
FN:7,System.String Xunit.Runner.Reporters.JsonReporter::get_Description()
FNDA:0,System.String Xunit.Runner.Reporters.JsonReporter::get_Description()
DA:8,0
FN:10,System.Boolean Xunit.Runner.Reporters.JsonReporter::get_IsEnvironmentallyEnabled()
FNDA:2,System.Boolean Xunit.Runner.Reporters.JsonReporter::get_IsEnvironmentallyEnabled()
DA:11,2
FN:13,System.String Xunit.Runner.Reporters.JsonReporter::get_RunnerSwitch()
FNDA:0,System.String Xunit.Runner.Reporters.JsonReporter::get_RunnerSwitch()
DA:14,0
FN:16,Xunit.Abstractions.IMessageSink Xunit.Runner.Reporters.JsonReporter::CreateMessageHandler(Xunit.IRunnerLogger)
FNDA:0,Xunit.Abstractions.IMessageSink Xunit.Runner.Reporters.JsonReporter::CreateMessageHandler(Xunit.IRunnerLogger)
DA:17,0
LF:4
LH:1
BRF:0
BRH:0
FNF:4
FNH:1
end_of_record
SF:C:\Dev\xunit\xunit\src\xunit.runner.reporters\JsonReporterMessageHandler.cs
FN:40,System.String Xunit.Runner.Reporters.JsonReporterMessageHandler::ToFlowId(System.String)
FNDA:0,System.String Xunit.Runner.Reporters.JsonReporterMessageHandler::ToFlowId(System.String)
DA:41,0
DA:45,0
DA:46,0
DA:47,0
DA:50,0
DA:51,0
DA:53,0
DA:57,0
DA:59,0
DA:60,0
DA:63,0
DA:67,0
DA:68,0
DA:69,0
BRDA:45,25,0,0
BRDA:45,25,1,0
BRDA:57,70,0,0
BRDA:57,70,1,0
FN:13,System.Void Xunit.Runner.Reporters.JsonReporterMessageHandler::.ctor(Xunit.IRunnerLogger)
FNDA:0,System.Void Xunit.Runner.Reporters.JsonReporterMessageHandler::.ctor(Xunit.IRunnerLogger)
DA:14,0
DA:15,0
BRDA:14,8,0,0
BRDA:14,8,1,0
FN:9,System.Void Xunit.Runner.Reporters.JsonReporterMessageHandler::.ctor(Xunit.IRunnerLogger,System.Func`2<System.String,System.String>)
FNDA:0,System.Void Xunit.Runner.Reporters.JsonReporterMessageHandler::.ctor(Xunit.IRunnerLogger,System.Func`2<System.String,System.String>)
DA:10,0
DA:11,0
DA:17,0
DA:19,0
DA:21,0
DA:22,0
DA:23,0
DA:24,0
DA:25,0
DA:26,0
DA:27,0
DA:29,0
DA:30,0
DA:31,0
DA:32,0
DA:33,0
DA:34,0
DA:35,0
LF:34
LH:0
BRF:6
BRH:0
FNF:3
FNH:0
end_of_record
SF:C:\Dev\xunit\xunit\src\xunit.runner.reporters\QuietReporter.cs
FN:7,System.String Xunit.Runner.Reporters.QuietReporter::get_Description()
FNDA:0,System.String Xunit.Runner.Reporters.QuietReporter::get_Description()
DA:8,0
FN:10,System.Boolean Xunit.Runner.Reporters.QuietReporter::get_IsEnvironmentallyEnabled()
FNDA:2,System.Boolean Xunit.Runner.Reporters.QuietReporter::get_IsEnvironmentallyEnabled()
DA:11,2
FN:13,System.String Xunit.Runner.Reporters.QuietReporter::get_RunnerSwitch()
FNDA:0,System.String Xunit.Runner.Reporters.QuietReporter::get_RunnerSwitch()
DA:14,0
FN:16,Xunit.Abstractions.IMessageSink Xunit.Runner.Reporters.QuietReporter::CreateMessageHandler(Xunit.IRunnerLogger)
FNDA:0,Xunit.Abstractions.IMessageSink Xunit.Runner.Reporters.QuietReporter::CreateMessageHandler(Xunit.IRunnerLogger)
DA:17,0
LF:4
LH:1
BRF:0
BRH:0
FNF:4
FNH:1
end_of_record
SF:C:\Dev\xunit\xunit\src\xunit.runner.reporters\QuietReporterMessageHandler.cs
FN:4,System.Void Xunit.Runner.Reporters.QuietReporterMessageHandler::.ctor(Xunit.IRunnerLogger)
FNDA:0,System.Void Xunit.Runner.Reporters.QuietReporterMessageHandler::.ctor(Xunit.IRunnerLogger)
DA:5,0
DA:7,0
DA:8,0
DA:9,0
DA:10,0
DA:11,0
DA:12,0
LF:7
LH:0
BRF:0
BRH:0
FNF:1
FNH:0
end_of_record
SF:C:\Dev\xunit\xunit\src\xunit.runner.reporters\TeamCityReporter.cs
FN:7,System.String Xunit.Runner.Reporters.TeamCityReporter::get_Description()
FNDA:0,System.String Xunit.Runner.Reporters.TeamCityReporter::get_Description()
DA:8,0
FN:10,System.Boolean Xunit.Runner.Reporters.TeamCityReporter::get_IsEnvironmentallyEnabled()
FNDA:2,System.Boolean Xunit.Runner.Reporters.TeamCityReporter::get_IsEnvironmentallyEnabled()
DA:11,2
FN:13,System.String Xunit.Runner.Reporters.TeamCityReporter::get_RunnerSwitch()
FNDA:0,System.String Xunit.Runner.Reporters.TeamCityReporter::get_RunnerSwitch()
DA:14,0
FN:16,Xunit.Abstractions.IMessageSink Xunit.Runner.Reporters.TeamCityReporter::CreateMessageHandler(Xunit.IRunnerLogger)
FNDA:0,Xunit.Abstractions.IMessageSink Xunit.Runner.Reporters.TeamCityReporter::CreateMessageHandler(Xunit.IRunnerLogger)
DA:17,0
LF:4
LH:1
BRF:0
BRH:0
FNF:4
FNH:1
end_of_record
SF:C:\Dev\xunit\xunit\src\xunit.runner.reporters\TeamCityReporterMessageHandler.cs
FN:42,System.Void Xunit.Runner.Reporters.TeamCityReporterMessageHandler::HandleErrorMessage(Xunit.MessageHandlerArgs`1<Xunit.Abstractions.IErrorMessage>)
FNDA:0,System.Void Xunit.Runner.Reporters.TeamCityReporterMessageHandler::HandleErrorMessage(Xunit.MessageHandlerArgs`1<Xunit.Abstractions.IErrorMessage>)
DA:43,0
DA:44,0
DA:45,0
FN:48,System.Void Xunit.Runner.Reporters.TeamCityReporterMessageHandler::HandleTestAssemblyCleanupFailure(Xunit.MessageHandlerArgs`1<Xunit.Abstractions.ITestAssemblyCleanupFailure>)
FNDA:0,System.Void Xunit.Runner.Reporters.TeamCityReporterMessageHandler::HandleTestAssemblyCleanupFailure(Xunit.MessageHandlerArgs`1<Xunit.Abstractions.ITestAssemblyCleanupFailure>)
DA:49,0
DA:50,0
DA:51,0
FN:54,System.Void Xunit.Runner.Reporters.TeamCityReporterMessageHandler::HandleTestCaseCleanupFailure(Xunit.MessageHandlerArgs`1<Xunit.Abstractions.ITestCaseCleanupFailure>)
FNDA:0,System.Void Xunit.Runner.Reporters.TeamCityReporterMessageHandler::HandleTestCaseCleanupFailure(Xunit.MessageHandlerArgs`1<Xunit.Abstractions.ITestCaseCleanupFailure>)
DA:55,0
DA:56,0
DA:57,0
FN:60,System.Void Xunit.Runner.Reporters.TeamCityReporterMessageHandler::HandleTestCaseCleanupFailure(Xunit.MessageHandlerArgs`1<Xunit.Abstractions.ITestClassCleanupFailure>)
FNDA:0,System.Void Xunit.Runner.Reporters.TeamCityReporterMessageHandler::HandleTestCaseCleanupFailure(Xunit.MessageHandlerArgs`1<Xunit.Abstractions.ITestClassCleanupFailure>)
DA:61,0
DA:62,0
DA:63,0
FN:66,System.Void Xunit.Runner.Reporters.TeamCityReporterMessageHandler::HandleTestCollectionCleanupFailure(Xunit.MessageHandlerArgs`1<Xunit.Abstractions.ITestCollectionCleanupFailure>)
FNDA:0,System.Void Xunit.Runner.Reporters.TeamCityReporterMessageHandler::HandleTestCollectionCleanupFailure(Xunit.MessageHandlerArgs`1<Xunit.Abstractions.ITestCollectionCleanupFailure>)
DA:67,0
DA:68,0
DA:69,0
FN:72,System.Void Xunit.Runner.Reporters.TeamCityReporterMessageHandler::HandleTestCollectionFinished(Xunit.MessageHandlerArgs`1<Xunit.Abstractions.ITestCollectionFinished>)
FNDA:0,System.Void Xunit.Runner.Reporters.TeamCityReporterMessageHandler::HandleTestCollectionFinished(Xunit.MessageHandlerArgs`1<Xunit.Abstractions.ITestCollectionFinished>)
DA:73,0
DA:74,0
DA:75,0
FN:78,System.Void Xunit.Runner.Reporters.TeamCityReporterMessageHandler::HandleTestCollectionStarting(Xunit.MessageHandlerArgs`1<Xunit.Abstractions.ITestCollectionStarting>)
FNDA:0,System.Void Xunit.Runner.Reporters.TeamCityReporterMessageHandler::HandleTestCollectionStarting(Xunit.MessageHandlerArgs`1<Xunit.Abstractions.ITestCollectionStarting>)
DA:79,0
DA:80,0
DA:81,0
FN:84,System.Void Xunit.Runner.Reporters.TeamCityReporterMessageHandler::HandleTestCleanupFailure(Xunit.MessageHandlerArgs`1<Xunit.Abstractions.ITestCleanupFailure>)
FNDA:0,System.Void Xunit.Runner.Reporters.TeamCityReporterMessageHandler::HandleTestCleanupFailure(Xunit.MessageHandlerArgs`1<Xunit.Abstractions.ITestCleanupFailure>)
DA:85,0
DA:86,0
DA:87,0
FN:90,System.Void Xunit.Runner.Reporters.TeamCityReporterMessageHandler::HandleTestFailed(Xunit.MessageHandlerArgs`1<Xunit.Abstractions.ITestFailed>)
FNDA:0,System.Void Xunit.Runner.Reporters.TeamCityReporterMessageHandler::HandleTestFailed(Xunit.MessageHandlerArgs`1<Xunit.Abstractions.ITestFailed>)
DA:91,0
DA:92,0
DA:93,0
DA:94,0
FN:97,System.Void Xunit.Runner.Reporters.TeamCityReporterMessageHandler::HandleTestMethodCleanupFailure(Xunit.MessageHandlerArgs`1<Xunit.Abstractions.ITestMethodCleanupFailure>)
FNDA:0,System.Void Xunit.Runner.Reporters.TeamCityReporterMessageHandler::HandleTestMethodCleanupFailure(Xunit.MessageHandlerArgs`1<Xunit.Abstractions.ITestMethodCleanupFailure>)
DA:98,0
DA:99,0
DA:100,0
FN:103,System.Void Xunit.Runner.Reporters.TeamCityReporterMessageHandler::HandleTestPassed(Xunit.MessageHandlerArgs`1<Xunit.Abstractions.ITestPassed>)
FNDA:0,System.Void Xunit.Runner.Reporters.TeamCityReporterMessageHandler::HandleTestPassed(Xunit.MessageHandlerArgs`1<Xunit.Abstractions.ITestPassed>)
DA:104,0
DA:105,0
DA:106,0
FN:109,System.Void Xunit.Runner.Reporters.TeamCityReporterMessageHandler::HandleTestSkipped(Xunit.MessageHandlerArgs`1<Xunit.Abstractions.ITestSkipped>)
FNDA:0,System.Void Xunit.Runner.Reporters.TeamCityReporterMessageHandler::HandleTestSkipped(Xunit.MessageHandlerArgs`1<Xunit.Abstractions.ITestSkipped>)
DA:110,0
DA:111,0
DA:112,0
DA:113,0
FN:116,System.Void Xunit.Runner.Reporters.TeamCityReporterMessageHandler::HandleTestStarting(Xunit.MessageHandlerArgs`1<Xunit.Abstractions.ITestStarting>)
FNDA:0,System.Void Xunit.Runner.Reporters.TeamCityReporterMessageHandler::HandleTestStarting(Xunit.MessageHandlerArgs`1<Xunit.Abstractions.ITestStarting>)
DA:117,0
DA:118,0
DA:119,0
FN:124,System.Void Xunit.Runner.Reporters.TeamCityReporterMessageHandler::LogError(System.String,Xunit.Abstractions.IFailureInformation)
FNDA:0,System.Void Xunit.Runner.Reporters.TeamCityReporterMessageHandler::LogError(System.String,Xunit.Abstractions.IFailureInformation)
DA:125,0
DA:126,0
DA:128,0
DA:129,0
FN:132,System.Void Xunit.Runner.Reporters.TeamCityReporterMessageHandler::LogFinish(Xunit.Abstractions.ITestResultMessage)
FNDA:0,System.Void Xunit.Runner.Reporters.TeamCityReporterMessageHandler::LogFinish(Xunit.Abstractions.ITestResultMessage)
DA:133,0
DA:135,0
DA:136,0
DA:138,0
DA:139,0
BRDA:135,34,0,0
BRDA:135,34,1,0
FN:140,System.Boolean Xunit.Runner.Reporters.TeamCityReporterMessageHandler::IsAscii(System.Char)
FNDA:0,System.Boolean Xunit.Runner.Reporters.TeamCityReporterMessageHandler::IsAscii(System.Char)
DA:141,0
FN:144,System.String Xunit.Runner.Reporters.TeamCityReporterMessageHandler::Escape(System.String)
FNDA:0,System.String Xunit.Runner.Reporters.TeamCityReporterMessageHandler::Escape(System.String)
DA:145,0
DA:146,0
DA:148,0
DA:150,0
DA:153,0
DA:154,0
DA:156,0
DA:157,0
DA:159,0
DA:160,0
DA:162,0
DA:163,0
DA:165,0
DA:166,0
DA:168,0
DA:169,0
DA:171,0
DA:172,0
DA:175,0
DA:176,0
DA:181,0
BRDA:146,210,1,0
BRDA:150,30,0,0
BRDA:150,35,0,0
BRDA:150,40,0,0
BRDA:150,30,1,0
BRDA:150,52,0,0
BRDA:150,57,0,0
BRDA:150,62,0,0
BRDA:150,45,1,0
BRDA:150,35,1,0
BRDA:150,40,1,0
BRDA:150,52,1,0
BRDA:150,57,1,0
BRDA:150,45,0,0
BRDA:150,62,1,0
BRDA:171,154,0,0
BRDA:171,154,1,0
BRDA:146,210,0,0
FN:187,System.String Xunit.Runner.Reporters.TeamCityReporterMessageHandler::ToFlowId(System.String)
FNDA:0,System.String Xunit.Runner.Reporters.TeamCityReporterMessageHandler::ToFlowId(System.String)
DA:188,0
DA:192,0
DA:193,0
DA:194,0
DA:197,0
DA:198,0
DA:200,0
DA:204,0
DA:206,0
DA:207,0
DA:210,0
DA:214,0
DA:215,0
DA:216,0
BRDA:192,25,0,0
BRDA:192,25,1,0
BRDA:204,70,0,0
BRDA:204,70,1,0
FN:12,System.Void Xunit.Runner.Reporters.TeamCityReporterMessageHandler::.ctor(Xunit.IRunnerLogger,System.Func`2<System.String,System.String>,Xunit.Runner.Reporters.TeamCityDisplayNameFormatter)
FNDA:0,System.Void Xunit.Runner.Reporters.TeamCityReporterMessageHandler::.ctor(Xunit.IRunnerLogger,System.Func`2<System.String,System.String>,Xunit.Runner.Reporters.TeamCityDisplayNameFormatter)
DA:13,0
DA:14,0
DA:17,0
DA:18,0
DA:19,0
DA:21,0
DA:22,0
DA:23,0
DA:25,0
DA:27,0
DA:28,0
DA:29,0
DA:30,0
DA:31,0
DA:32,0
DA:33,0
DA:34,0
DA:35,0
DA:36,0
DA:37,0
DA:38,0
DA:39,0
BRDA:22,38,0,0
BRDA:22,47,0,0
BRDA:22,38,1,0
BRDA:22,47,1,0
BRDA:23,80,0,0
BRDA:23,80,1,0
LF:108
LH:0
BRF:30
BRH:0
FNF:19
FNH:0
end_of_record
SF:C:\Dev\xunit\xunit\src\xunit.runner.reporters\Utility\TeamCityDisplayNameFormatter.cs
FN:15,System.String Xunit.Runner.Reporters.TeamCityDisplayNameFormatter::DisplayName(Xunit.Abstractions.ITestCollection)
FNDA:0,System.String Xunit.Runner.Reporters.TeamCityDisplayNameFormatter::DisplayName(Xunit.Abstractions.ITestCollection)
DA:16,0
DA:18,0
DA:20,0
DA:21,0
DA:23,0
DA:25,0
BRDA:18,46,0,0
BRDA:18,46,1,0
FN:29,System.String Xunit.Runner.Reporters.TeamCityDisplayNameFormatter::DisplayName(Xunit.Abstractions.ITest)
FNDA:0,System.String Xunit.Runner.Reporters.TeamCityDisplayNameFormatter::DisplayName(Xunit.Abstractions.ITest)
DA:30,0
FN:9,System.Void Xunit.Runner.Reporters.TeamCityDisplayNameFormatter::.ctor()
FNDA:0,System.Void Xunit.Runner.Reporters.TeamCityDisplayNameFormatter::.ctor()
DA:10,0
LF:8
LH:0
BRF:2
BRH:0
FNF:3
FNH:0
end_of_record
SF:C:\Dev\xunit\xunit\src\xunit.runner.reporters\VerboseReporter.cs
FN:7,System.String Xunit.Runner.Reporters.VerboseReporter::get_Description()
FNDA:0,System.String Xunit.Runner.Reporters.VerboseReporter::get_Description()
DA:8,0
FN:10,System.Boolean Xunit.Runner.Reporters.VerboseReporter::get_IsEnvironmentallyEnabled()
FNDA:2,System.Boolean Xunit.Runner.Reporters.VerboseReporter::get_IsEnvironmentallyEnabled()
DA:11,2
FN:13,System.String Xunit.Runner.Reporters.VerboseReporter::get_RunnerSwitch()
FNDA:0,System.String Xunit.Runner.Reporters.VerboseReporter::get_RunnerSwitch()
DA:14,0
FN:16,Xunit.Abstractions.IMessageSink Xunit.Runner.Reporters.VerboseReporter::CreateMessageHandler(Xunit.IRunnerLogger)
FNDA:0,Xunit.Abstractions.IMessageSink Xunit.Runner.Reporters.VerboseReporter::CreateMessageHandler(Xunit.IRunnerLogger)
DA:17,0
LF:4
LH:1
BRF:0
BRH:0
FNF:4
FNH:1
end_of_record
SF:C:\Dev\xunit\xunit\src\xunit.runner.reporters\VerboseReporterMessageHandler.cs
FN:7,System.Void Xunit.Runner.Reporters.VerboseReporterMessageHandler::<.ctor>b__0_0(Xunit.MessageHandlerArgs`1<Xunit.Abstractions.ITestStarting>)
FNDA:0,System.Void Xunit.Runner.Reporters.VerboseReporterMessageHandler::<.ctor>b__0_0(Xunit.MessageHandlerArgs`1<Xunit.Abstractions.ITestStarting>)
DA:8,0
FN:8,System.Void Xunit.Runner.Reporters.VerboseReporterMessageHandler::<.ctor>b__0_1(Xunit.MessageHandlerArgs`1<Xunit.Abstractions.ITestFinished>)
FNDA:0,System.Void Xunit.Runner.Reporters.VerboseReporterMessageHandler::<.ctor>b__0_1(Xunit.MessageHandlerArgs`1<Xunit.Abstractions.ITestFinished>)
DA:9,0
FN:5,System.Void Xunit.Runner.Reporters.VerboseReporterMessageHandler::.ctor(Xunit.IRunnerLogger)
FNDA:0,System.Void Xunit.Runner.Reporters.VerboseReporterMessageHandler::.ctor(Xunit.IRunnerLogger)
DA:6,0
DA:10,0
LF:4
LH:0
BRF:0
BRH:0
FNF:3
FNH:0
end_of_record
SF:C:\Dev\xunit\xunit\src\xunit.runner.reporters\VstsClient.cs
FN:48,System.Void Xunit.Runner.Reporters.VstsClient::WaitOne(System.Threading.CancellationToken)
FNDA:0,System.Void Xunit.Runner.Reporters.VstsClient::WaitOne(System.Threading.CancellationToken)
DA:49,0
DA:50,0
DA:52,0
DA:53,0
DA:54,0
FN:102,System.Void Xunit.Runner.Reporters.VstsClient::AddTest(System.Collections.Generic.IDictionary`2<System.String,System.Object>,Xunit.Abstractions.ITest)
FNDA:0,System.Void Xunit.Runner.Reporters.VstsClient::AddTest(System.Collections.Generic.IDictionary`2<System.String,System.Object>,Xunit.Abstractions.ITest)
DA:103,0
DA:104,0
DA:105,0
DA:106,0
FN:109,System.Void Xunit.Runner.Reporters.VstsClient::UpdateTest(System.Collections.Generic.IDictionary`2<System.String,System.Object>,Xunit.Abstractions.ITest)
FNDA:0,System.Void Xunit.Runner.Reporters.VstsClient::UpdateTest(System.Collections.Generic.IDictionary`2<System.String,System.Object>,Xunit.Abstractions.ITest)
DA:110,0
DA:111,0
DA:112,0
DA:113,0
FN:291,System.String Xunit.Runner.Reporters.VstsClient::ToJson(System.Collections.Generic.IEnumerable`1<System.Collections.Generic.IDictionary`2<System.String,System.Object>>)
FNDA:0,System.String Xunit.Runner.Reporters.VstsClient::ToJson(System.Collections.Generic.IEnumerable`1<System.Collections.Generic.IDictionary`2<System.String,System.Object>>)
DA:292,0
DA:293,0
BRDA:292,12,0,0
BRDA:292,12,1,0
FN:299,System.Void Xunit.Runner.Reporters.VstsClient::Dispose(System.Boolean)
FNDA:0,System.Void Xunit.Runner.Reporters.VstsClient::Dispose(System.Boolean)
DA:300,0
DA:302,0
DA:303,0
DA:305,0
DA:307,0
BRDA:300,6,0,0
BRDA:302,9,0,0
BRDA:302,9,1,0
BRDA:300,6,1,0
FN:310,System.Void Xunit.Runner.Reporters.VstsClient::Dispose()
FNDA:0,System.Void Xunit.Runner.Reporters.VstsClient::Dispose()
DA:311,0
DA:312,0
FN:20,System.Void Xunit.Runner.Reporters.VstsClient::.ctor(Xunit.IRunnerLogger,System.String,System.String,System.Int32)
FNDA:0,System.Void Xunit.Runner.Reporters.VstsClient::.ctor(Xunit.IRunnerLogger,System.String,System.String,System.Int32)
DA:21,0
DA:25,0
DA:29,0
DA:30,0
DA:31,0
DA:34,0
DA:36,0
DA:37,0
DA:38,0
DA:40,0
DA:41,0
DA:43,0
DA:44,0
FN:16,System.Void Xunit.Runner.Reporters.VstsClient::.cctor()
FNDA:0,System.Void Xunit.Runner.Reporters.VstsClient::.cctor()
DA:17,0
DA:18,0
FN:57,System.Void Xunit.Runner.Reporters.VstsClient/<RunLoop>d__17::MoveNext()
FNDA:0,System.Void Xunit.Runner.Reporters.VstsClient/<RunLoop>d__17::MoveNext()
DA:58,0
DA:61,0
DA:63,0
DA:65,0
DA:68,0
DA:69,0
DA:71,0
DA:75,0
DA:76,0
DA:77,0
DA:78,0
DA:79,0
DA:81,0
DA:82,0
DA:87,0
DA:88,0
DA:90,0
DA:91,0
DA:92,0
DA:94,0
DA:95,0
DA:97,0
DA:99,0
BRDA:58,20,0,0
BRDA:58,58,0,0
BRDA:61,94,0,0
BRDA:58,58,1,0
BRDA:61,94,1,0
BRDA:63,514,1,0
BRDA:63,530,1,0
BRDA:63,546,1,0
BRDA:71,244,0,0
BRDA:75,298,0,0
BRDA:58,58,2,0
BRDA:75,298,1,0
BRDA:76,425,0,0
BRDA:58,58,3,0
BRDA:76,425,1,0
BRDA:63,514,0,0
BRDA:63,530,0,0
BRDA:71,244,1,0
BRDA:63,546,0,0
BRDA:58,20,1,0
BRDA:82,602,0,0
BRDA:87,615,0,0
BRDA:88,648,0,0
BRDA:82,602,1,0
BRDA:88,648,1,0
BRDA:87,615,1,0
BRDA:97,795,0,0
BRDA:97,805,0,0
BRDA:97,805,1,0
BRDA:97,795,1,0
FN:116,System.Void Xunit.Runner.Reporters.VstsClient/<CreateTestRun>d__20::MoveNext()
FNDA:0,System.Void Xunit.Runner.Reporters.VstsClient/<CreateTestRun>d__20::MoveNext()
DA:117,0
DA:118,0
DA:119,0
DA:120,0
DA:121,0
DA:122,0
DA:124,0
DA:125,0
DA:126,0
DA:129,0
DA:131,0
DA:132,0
DA:133,0
DA:134,0
DA:135,0
DA:136,0
DA:138,0
DA:140,0
DA:141,0
DA:143,0
DA:144,0
DA:147,0
DA:148,0
DA:150,0
DA:151,0
DA:152,0
DA:156,0
DA:158,0
DA:159,0
DA:161,0
BRDA:126,166,0,0
BRDA:126,166,1,0
BRDA:138,288,0,0
BRDA:138,292,0,0
BRDA:140,345,0,0
BRDA:138,288,1,0
BRDA:140,345,1,0
BRDA:141,428,0,0
BRDA:141,428,1,0
BRDA:147,520,0,0
BRDA:138,292,1,0
BRDA:147,520,1,0
FN:164,System.Void Xunit.Runner.Reporters.VstsClient/<FinishTestRun>d__21::MoveNext()
FNDA:0,System.Void Xunit.Runner.Reporters.VstsClient/<FinishTestRun>d__21::MoveNext()
DA:165,0
DA:166,0
DA:167,0
DA:168,0
DA:169,0
DA:171,0
DA:172,0
DA:175,0
DA:177,0
DA:178,0
DA:179,0
DA:180,0
DA:181,0
DA:182,0
DA:184,0
DA:186,0
DA:187,0
DA:189,0
DA:190,0
DA:192,0
DA:193,0
DA:194,0
DA:196,0
DA:197,0
DA:199,0
BRDA:172,107,0,0
BRDA:172,107,1,0
BRDA:184,227,0,0
BRDA:186,277,0,0
BRDA:184,227,1,0
BRDA:186,277,1,0
BRDA:187,360,0,0
BRDA:187,360,1,0
FN:202,System.Void Xunit.Runner.Reporters.VstsClient/<SendTestResults>d__22::MoveNext()
FNDA:0,System.Void Xunit.Runner.Reporters.VstsClient/<SendTestResults>d__22::MoveNext()
DA:203,0
DA:204,0
DA:208,0
DA:209,0
DA:211,0
DA:214,0
DA:216,0
DA:217,0
DA:219,0
DA:225,0
DA:227,0
DA:228,0
DA:231,0
DA:232,0
DA:236,0
DA:237,0
DA:239,0
DA:243,0
DA:245,0
DA:246,0
DA:247,0
DA:248,0
DA:249,0
DA:250,0
DA:252,0
DA:254,0
DA:255,0
DA:257,0
DA:258,0
DA:261,0
DA:263,0
DA:265,0
DA:267,0
DA:269,0
DA:270,0
DA:272,0
DA:273,0
DA:276,0
DA:277,0
DA:279,0
DA:281,0
DA:282,0
DA:283,0
DA:285,0
DA:286,0
DA:288,0
BRDA:203,32,0,0
BRDA:203,32,1,0
BRDA:209,52,0,0
BRDA:214,142,1,0
BRDA:214,142,0,0
BRDA:209,52,1,0
BRDA:225,248,1,0
BRDA:225,248,0,0
BRDA:236,273,0,0
BRDA:236,273,1,0
BRDA:239,345,0,0
BRDA:239,345,1,0
BRDA:252,468,0,0
BRDA:252,472,0,0
BRDA:254,525,0,0
BRDA:252,468,1,0
BRDA:254,525,1,0
BRDA:255,608,0,0
BRDA:255,608,1,0
BRDA:261,694,0,0
BRDA:263,735,0,0
BRDA:252,472,1,0
BRDA:263,735,1,0
BRDA:270,921,1,0
BRDA:270,921,0,0
BRDA:261,694,1,0
LF:161
LH:0
BRF:82
BRH:0
FNF:12
FNH:0
end_of_record
SF:C:\Dev\xunit\xunit\src\xunit.runner.reporters\VstsReporter.cs
FN:8,System.String Xunit.Runner.Reporters.VstsReporter::get_Description()
FNDA:0,System.String Xunit.Runner.Reporters.VstsReporter::get_Description()
DA:9,0
FN:11,System.Boolean Xunit.Runner.Reporters.VstsReporter::get_IsEnvironmentallyEnabled()
FNDA:2,System.Boolean Xunit.Runner.Reporters.VstsReporter::get_IsEnvironmentallyEnabled()
DA:12,2
DA:13,2
BRDA:12,15,0,0
BRDA:12,15,1,2
FN:15,System.String Xunit.Runner.Reporters.VstsReporter::get_RunnerSwitch()
FNDA:0,System.String Xunit.Runner.Reporters.VstsReporter::get_RunnerSwitch()
DA:16,0
FN:19,Xunit.Abstractions.IMessageSink Xunit.Runner.Reporters.VstsReporter::CreateMessageHandler(Xunit.IRunnerLogger)
FNDA:0,Xunit.Abstractions.IMessageSink Xunit.Runner.Reporters.VstsReporter::CreateMessageHandler(Xunit.IRunnerLogger)
DA:20,0
DA:21,0
DA:22,0
DA:25,0
DA:27,0
DA:29,0
DA:30,0
DA:31,0
BRDA:29,64,0,0
BRDA:29,67,0,0
BRDA:29,70,0,0
BRDA:29,64,1,0
BRDA:29,67,1,0
BRDA:29,70,1,0
LF:12
LH:2
BRF:8
BRH:1
FNF:4
FNH:1
end_of_record
SF:C:\Dev\xunit\xunit\src\xunit.runner.reporters\VstsReporterMessageHandler.cs
FN:36,System.Void Xunit.Runner.Reporters.VstsReporterMessageHandler::HandleTestAssemblyFinished(Xunit.MessageHandlerArgs`1<Xunit.Abstractions.ITestAssemblyFinished>)
FNDA:0,System.Void Xunit.Runner.Reporters.VstsReporterMessageHandler::HandleTestAssemblyFinished(Xunit.MessageHandlerArgs`1<Xunit.Abstractions.ITestAssemblyFinished>)
DA:37,0
DA:39,0
DA:41,0
DA:44,0
DA:45,0
DA:46,0
DA:48,0
DA:49,0
BRDA:41,37,0,0
BRDA:41,37,1,0
FN:52,System.Void Xunit.Runner.Reporters.VstsReporterMessageHandler::HandleTestAssemblyStarting(Xunit.MessageHandlerArgs`1<Xunit.Abstractions.ITestAssemblyStarting>)
FNDA:0,System.Void Xunit.Runner.Reporters.VstsReporterMessageHandler::HandleTestAssemblyStarting(Xunit.MessageHandlerArgs`1<Xunit.Abstractions.ITestAssemblyStarting>)
DA:53,0
DA:55,0
DA:58,0
DA:59,0
DA:60,0
DA:61,0
DA:63,0
DA:65,0
DA:66,0
DA:67,0
DA:68,0
BRDA:60,90,0,0
BRDA:60,90,1,0
BRDA:60,113,0,0
BRDA:60,113,1,0
BRDA:65,167,0,0
BRDA:65,167,1,0
FN:71,System.Void Xunit.Runner.Reporters.VstsReporterMessageHandler::HandleTestStarting(Xunit.MessageHandlerArgs`1<Xunit.Abstractions.ITestStarting>)
FNDA:0,System.Void Xunit.Runner.Reporters.VstsReporterMessageHandler::HandleTestStarting(Xunit.MessageHandlerArgs`1<Xunit.Abstractions.ITestStarting>)
DA:72,0
DA:74,0
DA:75,0
DA:76,0
DA:77,0
DA:78,0
FN:81,System.Void Xunit.Runner.Reporters.VstsReporterMessageHandler::HandleTestPassed(Xunit.MessageHandlerArgs`1<Xunit.Abstractions.ITestPassed>)
FNDA:0,System.Void Xunit.Runner.Reporters.VstsReporterMessageHandler::HandleTestPassed(Xunit.MessageHandlerArgs`1<Xunit.Abstractions.ITestPassed>)
DA:82,0
DA:84,0
DA:85,0
DA:87,0
DA:88,0
FN:91,System.Void Xunit.Runner.Reporters.VstsReporterMessageHandler::HandleTestSkipped(Xunit.MessageHandlerArgs`1<Xunit.Abstractions.ITestSkipped>)
FNDA:0,System.Void Xunit.Runner.Reporters.VstsReporterMessageHandler::HandleTestSkipped(Xunit.MessageHandlerArgs`1<Xunit.Abstractions.ITestSkipped>)
DA:92,0
DA:94,0
DA:95,0
DA:97,0
DA:98,0
FN:101,System.Void Xunit.Runner.Reporters.VstsReporterMessageHandler::HandleTestFailed(Xunit.MessageHandlerArgs`1<Xunit.Abstractions.ITestFailed>)
FNDA:0,System.Void Xunit.Runner.Reporters.VstsReporterMessageHandler::HandleTestFailed(Xunit.MessageHandlerArgs`1<Xunit.Abstractions.ITestFailed>)
DA:102,0
DA:104,0
DA:105,0
DA:106,0
DA:108,0
DA:109,0
FN:112,System.Void Xunit.Runner.Reporters.VstsReporterMessageHandler::VstsAddTest(System.String,System.String,System.String,Xunit.Abstractions.ITest)
FNDA:0,System.Void Xunit.Runner.Reporters.VstsReporterMessageHandler::VstsAddTest(System.String,System.String,System.String,Xunit.Abstractions.ITest)
DA:113,0
DA:114,0
DA:115,0
DA:116,0
DA:117,0
DA:118,0
DA:119,0
DA:120,0
DA:121,0
DA:122,0
DA:123,0
DA:125,0
DA:126,0
FN:129,System.Void Xunit.Runner.Reporters.VstsReporterMessageHandler::VstsUpdateTest(Xunit.Abstractions.ITest,System.String,System.Nullable`1<System.Int64>,System.String,System.String,System.String)
FNDA:0,System.Void Xunit.Runner.Reporters.VstsReporterMessageHandler::VstsUpdateTest(Xunit.Abstractions.ITest,System.String,System.Nullable`1<System.Int64>,System.String,System.String,System.String)
DA:130,0
DA:131,0
DA:132,0
DA:133,0
DA:134,0
DA:135,0
DA:137,0
DA:138,0
DA:139,0
DA:141,0
DA:142,0
BRDA:138,84,0,0
BRDA:138,84,1,0
FN:144,System.String Xunit.Runner.Reporters.VstsReporterMessageHandler::TrimStdOut(System.String)
FNDA:0,System.String Xunit.Runner.Reporters.VstsReporterMessageHandler::TrimStdOut(System.String)
DA:145,0
BRDA:145,1,0,0
BRDA:145,1,1,0
BRDA:145,14,0,0
BRDA:145,14,1,0
FN:16,System.Void Xunit.Runner.Reporters.VstsReporterMessageHandler::.ctor(Xunit.IRunnerLogger,System.String,System.String,System.Int32)
FNDA:0,System.Void Xunit.Runner.Reporters.VstsReporterMessageHandler::.ctor(Xunit.IRunnerLogger,System.String,System.String,System.Int32)
DA:17,0
DA:21,0
DA:24,0
DA:26,0
DA:27,0
DA:28,0
DA:30,0
DA:31,0
DA:32,0
DA:33,0
LF:76
LH:0
BRF:14
BRH:0
FNF:10
FNH:0
end_of_record
SF:/var/www/html/AccountingBackend/AccountingBackend.Persistance/AccountingDatabaseInitializer.cs
FN:21,System.Void AccountingBackend.Persistance.AccountingDatabaseInitializer::Initialize(AccountingBackend.Persistance.AccountingDatabaseService)
FNDA:4,System.Void AccountingBackend.Persistance.AccountingDatabaseInitializer::Initialize(AccountingBackend.Persistance.AccountingDatabaseService)
DA:22,4
DA:23,4
DA:24,4
DA:25,4
FN:26,System.Void AccountingBackend.Persistance.AccountingDatabaseInitializer::SeedEverything(AccountingBackend.Persistance.AccountingDatabaseService)
FNDA:4,System.Void AccountingBackend.Persistance.AccountingDatabaseInitializer::SeedEverything(AccountingBackend.Persistance.AccountingDatabaseService)
DA:27,4
DA:29,4
DA:30,4
DA:32,4
DA:33,0
DA:36,4
DA:37,4
DA:38,4
DA:40,4
DA:42,4
BRDA:32,38,0,0
BRDA:32,38,1,4
FN:43,System.Void AccountingBackend.Persistance.AccountingDatabaseInitializer::SeedAccountType(AccountingBackend.Persistance.AccountingDatabaseService)
FNDA:4,System.Void AccountingBackend.Persistance.AccountingDatabaseInitializer::SeedAccountType(AccountingBackend.Persistance.AccountingDatabaseService)
DA:44,4
DA:45,4
DA:46,4
DA:47,4
DA:48,4
DA:49,4
DA:50,4
DA:51,4
DA:52,4
DA:53,4
DA:54,4
DA:55,4
DA:56,4
DA:57,4
DA:58,4
DA:59,4
DA:60,4
DA:61,4
DA:62,4
DA:63,4
DA:64,4
DA:65,4
DA:66,4
DA:67,4
DA:68,4
DA:69,4
DA:70,4
DA:72,4
DA:74,4
FN:75,System.Void AccountingBackend.Persistance.AccountingDatabaseInitializer::SeedSystemLookup(AccountingBackend.Persistance.AccountingDatabaseService)
FNDA:4,System.Void AccountingBackend.Persistance.AccountingDatabaseInitializer::SeedSystemLookup(AccountingBackend.Persistance.AccountingDatabaseService)
DA:76,4
DA:78,4
DA:79,4
DA:80,4
DA:81,4
DA:82,4
DA:83,4
DA:85,4
DA:86,4
FN:87,System.Void AccountingBackend.Persistance.AccountingDatabaseInitializer::SeedLedgerEntries(AccountingBackend.Persistance.AccountingDatabaseService)
FNDA:4,System.Void AccountingBackend.Persistance.AccountingDatabaseInitializer::SeedLedgerEntries(AccountingBackend.Persistance.AccountingDatabaseService)
DA:88,4
DA:89,4
DA:90,4
DA:91,4
DA:92,4
DA:93,4
DA:94,4
DA:95,4
DA:96,4
DA:97,4
DA:98,4
DA:99,4
DA:100,4
DA:101,4
DA:102,4
DA:103,4
DA:104,4
DA:106,4
DA:107,4
DA:108,4
FN:16,System.Void AccountingBackend.Persistance.AccountingDatabaseInitializer::.ctor()
FNDA:4,System.Void AccountingBackend.Persistance.AccountingDatabaseInitializer::.ctor()
DA:17,4
DA:18,4
DA:19,4
DA:20,4
LF:76
LH:75
BRF:2
BRH:1
FNF:6
FNH:6
end_of_record
SF:/var/www/html/AccountingBackend/AccountingBackend.Persistance/AccountingDatabaseService.cs
FN:26,Microsoft.EntityFrameworkCore.DbSet`1<AccountingBackend.Domain.Account> AccountingBackend.Persistance.AccountingDatabaseService::get_Account()
FNDA:67,Microsoft.EntityFrameworkCore.DbSet`1<AccountingBackend.Domain.Account> AccountingBackend.Persistance.AccountingDatabaseService::get_Account()
DA:27,67
FN:27,Microsoft.EntityFrameworkCore.DbSet`1<AccountingBackend.Domain.AccountCatagory> AccountingBackend.Persistance.AccountingDatabaseService::get_AccountCatagory()
FNDA:63,Microsoft.EntityFrameworkCore.DbSet`1<AccountingBackend.Domain.AccountCatagory> AccountingBackend.Persistance.AccountingDatabaseService::get_AccountCatagory()
DA:28,63
FN:28,Microsoft.EntityFrameworkCore.DbSet`1<AccountingBackend.Domain.AccountType> AccountingBackend.Persistance.AccountingDatabaseService::get_AccountType()
FNDA:59,Microsoft.EntityFrameworkCore.DbSet`1<AccountingBackend.Domain.AccountType> AccountingBackend.Persistance.AccountingDatabaseService::get_AccountType()
DA:29,59
FN:29,Microsoft.EntityFrameworkCore.DbSet`1<AccountingBackend.Domain.SystemLookup> AccountingBackend.Persistance.AccountingDatabaseService::get_SystemLookup()
FNDA:69,Microsoft.EntityFrameworkCore.DbSet`1<AccountingBackend.Domain.SystemLookup> AccountingBackend.Persistance.AccountingDatabaseService::get_SystemLookup()
DA:30,69
FN:30,Microsoft.EntityFrameworkCore.DbSet`1<AccountingBackend.Domain.Ledger> AccountingBackend.Persistance.AccountingDatabaseService::get_Ledger()
FNDA:73,Microsoft.EntityFrameworkCore.DbSet`1<AccountingBackend.Domain.Ledger> AccountingBackend.Persistance.AccountingDatabaseService::get_Ledger()
DA:31,73
FN:31,Microsoft.EntityFrameworkCore.DbSet`1<AccountingBackend.Domain.LedgerEntry> AccountingBackend.Persistance.AccountingDatabaseService::get_LedgerEntry()
FNDA:55,Microsoft.EntityFrameworkCore.DbSet`1<AccountingBackend.Domain.LedgerEntry> AccountingBackend.Persistance.AccountingDatabaseService::get_LedgerEntry()
DA:32,55
FN:33,System.Void AccountingBackend.Persistance.AccountingDatabaseService::Save()
FNDA:4,System.Void AccountingBackend.Persistance.AccountingDatabaseService::Save()
DA:34,4
DA:35,4
DA:36,4
FN:37,System.Threading.Tasks.Task AccountingBackend.Persistance.AccountingDatabaseService::SaveAsync()
FNDA:15,System.Threading.Tasks.Task AccountingBackend.Persistance.AccountingDatabaseService::SaveAsync()
DA:38,15
DA:39,15
DA:40,15
FN:41,System.Void AccountingBackend.Persistance.AccountingDatabaseService::OnConfiguring(Microsoft.EntityFrameworkCore.DbContextOptionsBuilder)
FNDA:51,System.Void AccountingBackend.Persistance.AccountingDatabaseService::OnConfiguring(Microsoft.EntityFrameworkCore.DbContextOptionsBuilder)
DA:42,51
DA:43,55
DA:44,4
DA:45,4
DA:47,51
BRDA:43,12,0,4
BRDA:43,12,1,51
FN:48,System.Void AccountingBackend.Persistance.AccountingDatabaseService::OnModelCreating(Microsoft.EntityFrameworkCore.ModelBuilder)
FNDA:5,System.Void AccountingBackend.Persistance.AccountingDatabaseService::OnModelCreating(Microsoft.EntityFrameworkCore.ModelBuilder)
DA:49,5
DA:51,5
DA:53,5
FN:23,System.Void AccountingBackend.Persistance.AccountingDatabaseService::.ctor(Microsoft.EntityFrameworkCore.DbContextOptions`1<AccountingBackend.Persistance.AccountingDatabaseService>)
FNDA:141,System.Void AccountingBackend.Persistance.AccountingDatabaseService::.ctor(Microsoft.EntityFrameworkCore.DbContextOptions`1<AccountingBackend.Persistance.AccountingDatabaseService>)
DA:24,141
FN:25,System.Void AccountingBackend.Persistance.AccountingDatabaseService::.ctor()
FNDA:12,System.Void AccountingBackend.Persistance.AccountingDatabaseService::.ctor()
DA:26,12
LF:22
LH:22
BRF:2
BRH:2
FNF:12
FNH:12
end_of_record
SF:/var/www/html/AccountingBackend/AccountingBackend.Persistance/SystemLookups/SystemLookupsConfiguration.cs
FN:14,System.Void AccountingBackend.Persistance.SystemLookups.SystemLookupsConfiguration::Configure(Microsoft.EntityFrameworkCore.Metadata.Builders.EntityTypeBuilder`1<AccountingBackend.Domain.SystemLookup>)
FNDA:5,System.Void AccountingBackend.Persistance.SystemLookups.SystemLookupsConfiguration::Configure(Microsoft.EntityFrameworkCore.Metadata.Builders.EntityTypeBuilder`1<AccountingBackend.Domain.SystemLookup>)
DA:15,5
DA:16,5
DA:18,5
DA:20,5
DA:21,5
DA:22,5
DA:23,5
DA:25,5
DA:26,5
DA:27,5
DA:28,5
DA:29,5
DA:31,5
DA:32,5
DA:33,5
DA:34,5
DA:36,5
DA:37,5
DA:38,5
DA:39,5
DA:40,5
LF:21
LH:21
BRF:0
BRH:0
FNF:1
FNH:1
end_of_record
SF:/var/www/html/AccountingBackend/AccountingBackend.Persistance/Ledgers/LedgerConfiguration.cs
FN:14,System.Void AccountingBackend.Persistance.Ledgers.LedgerConfiguration::Configure(Microsoft.EntityFrameworkCore.Metadata.Builders.EntityTypeBuilder`1<AccountingBackend.Domain.Ledger>)
FNDA:5,System.Void AccountingBackend.Persistance.Ledgers.LedgerConfiguration::Configure(Microsoft.EntityFrameworkCore.Metadata.Builders.EntityTypeBuilder`1<AccountingBackend.Domain.Ledger>)
DA:15,5
DA:16,5
DA:18,5
DA:20,5
DA:21,5
DA:22,5
DA:24,5
DA:25,5
DA:26,5
DA:27,5
DA:29,5
DA:30,5
DA:31,5
DA:32,5
DA:33,5
DA:35,5
DA:36,5
DA:37,5
DA:38,5
DA:40,5
DA:41,5
DA:42,5
DA:44,5
DA:45,5
DA:46,5
DA:47,5
DA:49,5
DA:50,5
DA:51,5
DA:52,5
DA:54,5
DA:55,5
DA:56,5
DA:57,5
LF:34
LH:34
BRF:0
BRH:0
FNF:1
FNH:1
end_of_record
SF:/var/www/html/AccountingBackend/AccountingBackend.Persistance/Ledgers/LedgerEntryConfiguration.cs
FN:14,System.Void AccountingBackend.Persistance.Ledgers.LedgerEntryConfiguration::Configure(Microsoft.EntityFrameworkCore.Metadata.Builders.EntityTypeBuilder`1<AccountingBackend.Domain.LedgerEntry>)
FNDA:5,System.Void AccountingBackend.Persistance.Ledgers.LedgerEntryConfiguration::Configure(Microsoft.EntityFrameworkCore.Metadata.Builders.EntityTypeBuilder`1<AccountingBackend.Domain.LedgerEntry>)
DA:15,5
DA:16,5
DA:18,5
DA:19,5
DA:21,5
DA:22,5
DA:24,5
DA:26,5
DA:27,5
DA:28,5
DA:30,5
DA:31,5
DA:32,5
DA:34,5
DA:35,5
DA:36,5
DA:37,5
DA:39,5
DA:40,5
DA:41,5
DA:42,5
DA:43,5
DA:45,5
DA:46,5
DA:47,5
DA:49,5
DA:50,5
DA:51,5
DA:53,5
DA:54,5
DA:55,5
DA:56,5
DA:57,5
DA:59,5
DA:60,5
DA:61,5
DA:62,5
DA:64,5
LF:38
LH:38
BRF:0
BRH:0
FNF:1
FNH:1
end_of_record
SF:/var/www/html/AccountingBackend/AccountingBackend.Persistance/AccountTypes/AccountTypeConfiguration.cs
FN:14,System.Void AccountingBackend.Persistance.AccountTypes.AccountTypeConfiguration::Configure(Microsoft.EntityFrameworkCore.Metadata.Builders.EntityTypeBuilder`1<AccountingBackend.Domain.AccountType>)
FNDA:5,System.Void AccountingBackend.Persistance.AccountTypes.AccountTypeConfiguration::Configure(Microsoft.EntityFrameworkCore.Metadata.Builders.EntityTypeBuilder`1<AccountingBackend.Domain.AccountType>)
DA:15,5
DA:16,5
DA:17,5
DA:19,5
DA:21,5
DA:22,5
DA:24,5
DA:25,5
DA:26,5
DA:27,5
LF:10
LH:10
BRF:0
BRH:0
FNF:1
FNH:1
end_of_record
SF:/var/www/html/AccountingBackend/AccountingBackend.Persistance/Accounts/AccountConfiguration.cs
FN:14,System.Void AccountingBackend.Persistance.Accounts.AccountConfiguration::Configure(Microsoft.EntityFrameworkCore.Metadata.Builders.EntityTypeBuilder`1<AccountingBackend.Domain.Account>)
FNDA:5,System.Void AccountingBackend.Persistance.Accounts.AccountConfiguration::Configure(Microsoft.EntityFrameworkCore.Metadata.Builders.EntityTypeBuilder`1<AccountingBackend.Domain.Account>)
DA:15,5
DA:16,5
DA:18,5
DA:19,5
DA:21,5
DA:22,5
DA:24,5
DA:25,5
DA:27,5
DA:28,5
DA:29,5
DA:31,5
DA:32,5
DA:33,5
DA:35,5
DA:36,5
DA:37,5
DA:39,5
DA:40,5
DA:41,5
DA:42,5
DA:44,5
DA:45,5
DA:46,5
DA:47,5
DA:49,5
DA:50,5
DA:51,5
DA:53,5
DA:54,5
DA:55,5
DA:57,5
DA:58,5
DA:59,5
DA:60,5
DA:62,5
DA:63,5
DA:64,5
DA:65,5
DA:66,5
DA:68,5
DA:69,5
DA:70,5
DA:72,5
DA:73,5
DA:74,5
DA:76,5
DA:77,5
DA:78,5
DA:79,5
DA:81,5
DA:82,5
DA:83,5
DA:84,5
DA:85,5
DA:87,5
DA:88,5
DA:89,5
DA:90,5
DA:92,5
DA:93,5
DA:94,5
DA:95,5
DA:96,5
DA:98,5
LF:65
LH:65
BRF:0
BRH:0
FNF:1
FNH:1
end_of_record
SF:/var/www/html/AccountingBackend/AccountingBackend.Persistance/AccountCatagories/AccountCategoryConfiguration.cs
FN:16,System.Void AccountingBackend.Persistance.AccountCatagories.AccountCategoryConfiguration::Configure(Microsoft.EntityFrameworkCore.Metadata.Builders.EntityTypeBuilder`1<AccountingBackend.Domain.AccountCatagory>)
FNDA:5,System.Void AccountingBackend.Persistance.AccountCatagories.AccountCategoryConfiguration::Configure(Microsoft.EntityFrameworkCore.Metadata.Builders.EntityTypeBuilder`1<AccountingBackend.Domain.AccountCatagory>)
DA:17,5
DA:18,5
DA:20,5
DA:21,5
DA:23,5
DA:24,5
DA:26,5
DA:27,5
DA:28,5
DA:30,5
DA:31,5
DA:32,5
DA:33,5
DA:35,5
DA:36,5
DA:37,5
DA:38,5
DA:40,5
DA:41,5
DA:42,5
DA:43,5
DA:44,5
DA:46,5
DA:47,5
DA:48,5
DA:49,5
DA:51,5
DA:52,5
DA:53,5
DA:54,5
DA:56,5
DA:57,5
DA:58,5
DA:59,5
DA:61,5
LF:35
LH:35
BRF:0
BRH:0
FNF:1
FNH:1
end_of_record
SF:C:\Dev\xunit\xunit\src\xunit.runner.utility\Extensions\DisposableExtensions.cs
FN:6,System.Void DisposableExtensions::SafeDispose(System.IDisposable)
FNDA:6,System.Void DisposableExtensions::SafeDispose(System.IDisposable)
DA:7,6
DA:8,6
DA:9,6
BRDA:7,1,0,6
BRDA:7,1,1,6
LF:3
LH:3
BRF:2
BRH:2
FNF:1
FNH:1
end_of_record
SF:C:\Dev\xunit\xunit\src\xunit.runner.utility\Extensions\IRunnerLoggerExtensions.cs
FN:14,System.Void IRunnerLoggerExtensions::LogMessage(Xunit.IRunnerLogger,System.String)
FNDA:0,System.Void IRunnerLoggerExtensions::LogMessage(Xunit.IRunnerLogger,System.String)
DA:15,0
DA:16,0
FN:25,System.Void IRunnerLoggerExtensions::LogMessage(Xunit.IRunnerLogger,System.String,System.Object[])
FNDA:0,System.Void IRunnerLoggerExtensions::LogMessage(Xunit.IRunnerLogger,System.String,System.Object[])
DA:26,0
DA:27,0
FN:37,System.Void IRunnerLoggerExtensions::LogMessage(Xunit.IRunnerLogger,Xunit.StackFrameInfo,System.String,System.Object[])
FNDA:0,System.Void IRunnerLoggerExtensions::LogMessage(Xunit.IRunnerLogger,Xunit.StackFrameInfo,System.String,System.Object[])
DA:38,0
DA:39,0
FN:47,System.Void IRunnerLoggerExtensions::LogImportantMessage(Xunit.IRunnerLogger,System.String)
FNDA:4,System.Void IRunnerLoggerExtensions::LogImportantMessage(Xunit.IRunnerLogger,System.String)
DA:48,4
DA:49,4
FN:58,System.Void IRunnerLoggerExtensions::LogImportantMessage(Xunit.IRunnerLogger,System.String,System.Object[])
FNDA:0,System.Void IRunnerLoggerExtensions::LogImportantMessage(Xunit.IRunnerLogger,System.String,System.Object[])
DA:59,0
DA:60,0
FN:70,System.Void IRunnerLoggerExtensions::LogImportantMessage(Xunit.IRunnerLogger,Xunit.StackFrameInfo,System.String,System.Object[])
FNDA:0,System.Void IRunnerLoggerExtensions::LogImportantMessage(Xunit.IRunnerLogger,Xunit.StackFrameInfo,System.String,System.Object[])
DA:71,0
DA:72,0
FN:80,System.Void IRunnerLoggerExtensions::LogWarning(Xunit.IRunnerLogger,System.String)
FNDA:0,System.Void IRunnerLoggerExtensions::LogWarning(Xunit.IRunnerLogger,System.String)
DA:81,0
DA:82,0
FN:91,System.Void IRunnerLoggerExtensions::LogWarning(Xunit.IRunnerLogger,System.String,System.Object[])
FNDA:0,System.Void IRunnerLoggerExtensions::LogWarning(Xunit.IRunnerLogger,System.String,System.Object[])
DA:92,0
DA:93,0
FN:103,System.Void IRunnerLoggerExtensions::LogWarning(Xunit.IRunnerLogger,Xunit.StackFrameInfo,System.String,System.Object[])
FNDA:0,System.Void IRunnerLoggerExtensions::LogWarning(Xunit.IRunnerLogger,Xunit.StackFrameInfo,System.String,System.Object[])
DA:104,0
DA:105,0
FN:113,System.Void IRunnerLoggerExtensions::LogError(Xunit.IRunnerLogger,System.String)
FNDA:0,System.Void IRunnerLoggerExtensions::LogError(Xunit.IRunnerLogger,System.String)
DA:114,0
DA:115,0
FN:124,System.Void IRunnerLoggerExtensions::LogError(Xunit.IRunnerLogger,System.String,System.Object[])
FNDA:0,System.Void IRunnerLoggerExtensions::LogError(Xunit.IRunnerLogger,System.String,System.Object[])
DA:125,0
DA:126,0
FN:136,System.Void IRunnerLoggerExtensions::LogError(Xunit.IRunnerLogger,Xunit.StackFrameInfo,System.String,System.Object[])
FNDA:0,System.Void IRunnerLoggerExtensions::LogError(Xunit.IRunnerLogger,Xunit.StackFrameInfo,System.String,System.Object[])
DA:137,0
DA:138,0
LF:24
LH:2
BRF:0
BRH:0
FNF:12
FNH:1
end_of_record
SF:C:\Dev\xunit\xunit\src\xunit.runner.utility\Extensions\MessageSinkMessageExtensions.cs
FN:19,TMessage MessageSinkMessageExtensions::Cast(Xunit.Abstractions.IMessageSinkMessage,System.Collections.Generic.HashSet`1<System.String>)
FNDA:10980,TMessage MessageSinkMessageExtensions::Cast(Xunit.Abstractions.IMessageSinkMessage,System.Collections.Generic.HashSet`1<System.String>)
DA:20,10980
BRDA:20,1,0,10980
BRDA:20,24,0,10769
BRDA:20,1,1,211
BRDA:20,24,1,211
FN:32,System.Boolean MessageSinkMessageExtensions::Dispatch(Xunit.Abstractions.IMessageSinkMessage,System.Collections.Generic.HashSet`1<System.String>,Xunit.MessageHandler`1<TMessage>)
FNDA:26937,System.Boolean MessageSinkMessageExtensions::Dispatch(Xunit.Abstractions.IMessageSinkMessage,System.Collections.Generic.HashSet`1<System.String>,Xunit.MessageHandler`1<TMessage>)
DA:33,26937
DA:35,10980
DA:36,10980
DA:38,211
DA:39,211
DA:40,211
DA:44,26726
BRDA:33,1,0,10980
BRDA:36,17,0,211
BRDA:33,1,1,26726
BRDA:36,17,1,26726
LF:8
LH:8
BRF:8
BRH:8
FNF:2
FNH:2
end_of_record
SF:C:\Dev\xunit\xunit\src\xunit.runner.utility\Extensions\MessageSinkWithTypesExtensions.cs
FN:16,System.Boolean MessageSinkWithTypesExtensions::OnMessage(Xunit.IMessageSinkWithTypes,Xunit.Abstractions.IMessageSinkMessage)
FNDA:2,System.Boolean MessageSinkWithTypesExtensions::OnMessage(Xunit.IMessageSinkWithTypes,Xunit.Abstractions.IMessageSinkMessage)
DA:17,2
LF:1
LH:1
BRF:0
BRH:0
FNF:1
FNH:1
end_of_record
SF:C:\Dev\xunit\xunit\src\xunit.runner.utility\Extensions\TestFrameworkExtensions.cs
FN:21,System.Void TestFrameworkExtensions::Find(Xunit.Abstractions.ITestFrameworkDiscoverer,System.Boolean,Xunit.IMessageSinkWithTypes,Xunit.Abstractions.ITestFrameworkDiscoveryOptions)
FNDA:1,System.Void TestFrameworkExtensions::Find(Xunit.Abstractions.ITestFrameworkDiscoverer,System.Boolean,Xunit.IMessageSinkWithTypes,Xunit.Abstractions.ITestFrameworkDiscoveryOptions)
DA:22,1
DA:23,1
FN:38,System.Void TestFrameworkExtensions::Find(Xunit.Abstractions.ITestFrameworkDiscoverer,System.String,System.Boolean,Xunit.IMessageSinkWithTypes,Xunit.Abstractions.ITestFrameworkDiscoveryOptions)
FNDA:0,System.Void TestFrameworkExtensions::Find(Xunit.Abstractions.ITestFrameworkDiscoverer,System.String,System.Boolean,Xunit.IMessageSinkWithTypes,Xunit.Abstractions.ITestFrameworkDiscoveryOptions)
DA:39,0
DA:40,0
FN:53,System.Void TestFrameworkExtensions::RunAll(Xunit.Abstractions.ITestFrameworkExecutor,Xunit.IMessageSinkWithTypes,Xunit.Abstractions.ITestFrameworkDiscoveryOptions,Xunit.Abstractions.ITestFrameworkExecutionOptions)
FNDA:0,System.Void TestFrameworkExtensions::RunAll(Xunit.Abstractions.ITestFrameworkExecutor,Xunit.IMessageSinkWithTypes,Xunit.Abstractions.ITestFrameworkDiscoveryOptions,Xunit.Abstractions.ITestFrameworkExecutionOptions)
DA:54,0
DA:55,0
FN:68,System.Void TestFrameworkExtensions::RunTests(Xunit.Abstractions.ITestFrameworkExecutor,System.Collections.Generic.IEnumerable`1<Xunit.Abstractions.ITestCase>,Xunit.IMessageSinkWithTypes,Xunit.Abstractions.ITestFrameworkExecutionOptions)
FNDA:1,System.Void TestFrameworkExtensions::RunTests(Xunit.Abstractions.ITestFrameworkExecutor,System.Collections.Generic.IEnumerable`1<Xunit.Abstractions.ITestCase>,Xunit.IMessageSinkWithTypes,Xunit.Abstractions.ITestFrameworkExecutionOptions)
DA:69,1
DA:70,1
LF:8
LH:4
BRF:0
BRH:0
FNF:4
FNH:2
end_of_record
SF:C:\Dev\xunit\xunit\src\xunit.runner.utility\Extensions\TestFrameworkOptionsReadWriteExtensions.cs
FN:16,System.Nullable`1<System.Boolean> TestFrameworkOptionsReadWriteExtensions::GetDiagnosticMessages(Xunit.Abstractions.ITestFrameworkDiscoveryOptions)
FNDA:2,System.Nullable`1<System.Boolean> TestFrameworkOptionsReadWriteExtensions::GetDiagnosticMessages(Xunit.Abstractions.ITestFrameworkDiscoveryOptions)
DA:17,2
FN:24,System.Nullable`1<System.Boolean> TestFrameworkOptionsReadWriteExtensions::GetInternalDiagnosticMessages(Xunit.Abstractions.ITestFrameworkDiscoveryOptions)
FNDA:1,System.Nullable`1<System.Boolean> TestFrameworkOptionsReadWriteExtensions::GetInternalDiagnosticMessages(Xunit.Abstractions.ITestFrameworkDiscoveryOptions)
DA:25,1
FN:33,System.Boolean TestFrameworkOptionsReadWriteExtensions::GetDiagnosticMessagesOrDefault(Xunit.Abstractions.ITestFrameworkDiscoveryOptions)
FNDA:2,System.Boolean TestFrameworkOptionsReadWriteExtensions::GetDiagnosticMessagesOrDefault(Xunit.Abstractions.ITestFrameworkDiscoveryOptions)
DA:34,2
BRDA:34,14,0,2
BRDA:34,14,1,0
FN:42,System.Boolean TestFrameworkOptionsReadWriteExtensions::GetInternalDiagnosticMessagesOrDefault(Xunit.Abstractions.ITestFrameworkDiscoveryOptions)
FNDA:1,System.Boolean TestFrameworkOptionsReadWriteExtensions::GetInternalDiagnosticMessagesOrDefault(Xunit.Abstractions.ITestFrameworkDiscoveryOptions)
DA:43,1
BRDA:43,14,0,1
BRDA:43,14,1,0
FN:50,System.Nullable`1<Xunit.TestMethodDisplay> TestFrameworkOptionsReadWriteExtensions::GetMethodDisplay(Xunit.Abstractions.ITestFrameworkDiscoveryOptions)
FNDA:0,System.Nullable`1<Xunit.TestMethodDisplay> TestFrameworkOptionsReadWriteExtensions::GetMethodDisplay(Xunit.Abstractions.ITestFrameworkDiscoveryOptions)
DA:51,0
DA:52,0
BRDA:52,13,0,0
BRDA:52,13,1,0
FN:60,Xunit.TestMethodDisplay TestFrameworkOptionsReadWriteExtensions::GetMethodDisplayOrDefault(Xunit.Abstractions.ITestFrameworkDiscoveryOptions)
FNDA:0,Xunit.TestMethodDisplay TestFrameworkOptionsReadWriteExtensions::GetMethodDisplayOrDefault(Xunit.Abstractions.ITestFrameworkDiscoveryOptions)
DA:61,0
BRDA:61,14,0,0
BRDA:61,14,1,0
FN:68,System.Nullable`1<Xunit.TestMethodDisplayOptions> TestFrameworkOptionsReadWriteExtensions::GetMethodDisplayOptions(Xunit.Abstractions.ITestFrameworkDiscoveryOptions)
FNDA:0,System.Nullable`1<Xunit.TestMethodDisplayOptions> TestFrameworkOptionsReadWriteExtensions::GetMethodDisplayOptions(Xunit.Abstractions.ITestFrameworkDiscoveryOptions)
DA:69,0
DA:70,0
BRDA:70,13,0,0
BRDA:70,13,1,0
FN:78,Xunit.TestMethodDisplayOptions TestFrameworkOptionsReadWriteExtensions::GetMethodDisplayOptionsOrDefault(Xunit.Abstractions.ITestFrameworkDiscoveryOptions)
FNDA:0,Xunit.TestMethodDisplayOptions TestFrameworkOptionsReadWriteExtensions::GetMethodDisplayOptionsOrDefault(Xunit.Abstractions.ITestFrameworkDiscoveryOptions)
DA:79,0
BRDA:79,14,0,0
BRDA:79,14,1,0
FN:88,System.Nullable`1<System.Boolean> TestFrameworkOptionsReadWriteExtensions::GetPreEnumerateTheories(Xunit.Abstractions.ITestFrameworkDiscoveryOptions)
FNDA:0,System.Nullable`1<System.Boolean> TestFrameworkOptionsReadWriteExtensions::GetPreEnumerateTheories(Xunit.Abstractions.ITestFrameworkDiscoveryOptions)
DA:89,0
FN:99,System.Boolean TestFrameworkOptionsReadWriteExtensions::GetPreEnumerateTheoriesOrDefault(Xunit.Abstractions.ITestFrameworkDiscoveryOptions)
FNDA:0,System.Boolean TestFrameworkOptionsReadWriteExtensions::GetPreEnumerateTheoriesOrDefault(Xunit.Abstractions.ITestFrameworkDiscoveryOptions)
DA:100,0
BRDA:100,14,0,0
BRDA:100,14,1,0
FN:107,System.Nullable`1<System.Boolean> TestFrameworkOptionsReadWriteExtensions::GetSynchronousMessageReporting(Xunit.Abstractions.ITestFrameworkDiscoveryOptions)
FNDA:0,System.Nullable`1<System.Boolean> TestFrameworkOptionsReadWriteExtensions::GetSynchronousMessageReporting(Xunit.Abstractions.ITestFrameworkDiscoveryOptions)
DA:108,0
FN:116,System.Boolean TestFrameworkOptionsReadWriteExtensions::GetSynchronousMessageReportingOrDefault(Xunit.Abstractions.ITestFrameworkDiscoveryOptions)
FNDA:0,System.Boolean TestFrameworkOptionsReadWriteExtensions::GetSynchronousMessageReportingOrDefault(Xunit.Abstractions.ITestFrameworkDiscoveryOptions)
DA:117,0
BRDA:117,14,0,0
BRDA:117,14,1,0
FN:124,System.Void TestFrameworkOptionsReadWriteExtensions::SetDiagnosticMessages(Xunit.Abstractions.ITestFrameworkDiscoveryOptions,System.Nullable`1<System.Boolean>)
FNDA:1,System.Void TestFrameworkOptionsReadWriteExtensions::SetDiagnosticMessages(Xunit.Abstractions.ITestFrameworkDiscoveryOptions,System.Nullable`1<System.Boolean>)
DA:125,1
DA:126,1
FN:132,System.Void TestFrameworkOptionsReadWriteExtensions::SetInternalDiagnosticMessages(Xunit.Abstractions.ITestFrameworkDiscoveryOptions,System.Nullable`1<System.Boolean>)
FNDA:1,System.Void TestFrameworkOptionsReadWriteExtensions::SetInternalDiagnosticMessages(Xunit.Abstractions.ITestFrameworkDiscoveryOptions,System.Nullable`1<System.Boolean>)
DA:133,1
DA:134,1
FN:140,System.Void TestFrameworkOptionsReadWriteExtensions::SetMethodDisplay(Xunit.Abstractions.ITestFrameworkDiscoveryOptions,System.Nullable`1<Xunit.TestMethodDisplay>)
FNDA:1,System.Void TestFrameworkOptionsReadWriteExtensions::SetMethodDisplay(Xunit.Abstractions.ITestFrameworkDiscoveryOptions,System.Nullable`1<Xunit.TestMethodDisplay>)
DA:141,1
DA:142,1
BRDA:141,13,0,1
BRDA:141,13,1,0
FN:148,System.Void TestFrameworkOptionsReadWriteExtensions::SetMethodDisplayOptions(Xunit.Abstractions.ITestFrameworkDiscoveryOptions,System.Nullable`1<Xunit.TestMethodDisplayOptions>)
FNDA:1,System.Void TestFrameworkOptionsReadWriteExtensions::SetMethodDisplayOptions(Xunit.Abstractions.ITestFrameworkDiscoveryOptions,System.Nullable`1<Xunit.TestMethodDisplayOptions>)
DA:149,1
DA:150,1
BRDA:149,13,0,1
BRDA:149,13,1,0
FN:158,System.Void TestFrameworkOptionsReadWriteExtensions::SetPreEnumerateTheories(Xunit.Abstractions.ITestFrameworkDiscoveryOptions,System.Nullable`1<System.Boolean>)
FNDA:1,System.Void TestFrameworkOptionsReadWriteExtensions::SetPreEnumerateTheories(Xunit.Abstractions.ITestFrameworkDiscoveryOptions,System.Nullable`1<System.Boolean>)
DA:159,1
DA:160,1
[...]
DA:111,1
DA:116,1
DA:123,1
DA:125,1
DA:127,1
BRDA:111,11,0,1
BRDA:111,11,1,1
FN:130,System.Void Xunit.Runner.VisualStudio.VsTestRunner::Microsoft.VisualStudio.TestPlatform.ObjectModel.Adapter.ITestExecutor.RunTests(System.Collections.Generic.IEnumerable`1<System.String>,Microsoft.VisualStudio.TestPlatform.ObjectModel.Adapter.IRunContext,Microsoft.VisualStudio.TestPlatform.ObjectModel.Adapter.IFrameworkHandle)
FNDA:1,System.Void Xunit.Runner.VisualStudio.VsTestRunner::Microsoft.VisualStudio.TestPlatform.ObjectModel.Adapter.ITestExecutor.RunTests(System.Collections.Generic.IEnumerable`1<System.String>,Microsoft.VisualStudio.TestPlatform.ObjectModel.Adapter.IRunContext,Microsoft.VisualStudio.TestPlatform.ObjectModel.Adapter.IFrameworkHandle)
DA:131,1
DA:133,1
DA:134,1
DA:136,1
DA:138,1
DA:139,1
DA:140,0
DA:144,1
DA:145,1
DA:146,1
DA:147,1
DA:148,1
DA:151,1
DA:156,0
DA:160,0
DA:161,0
DA:162,0
DA:164,0
DA:165,0
DA:168,1
DA:169,1
DA:170,2
DA:171,2
DA:172,3
DA:173,3
DA:174,3
DA:175,3
DA:176,3
DA:177,3
DA:178,3
DA:179,2
DA:180,1
DA:181,1
BRDA:138,50,0,0
BRDA:138,50,1,1
BRDA:138,62,0,0
BRDA:138,62,1,1
BRDA:139,85,0,0
BRDA:139,85,1,1
BRDA:151,137,0,0
BRDA:160,168,0,0
BRDA:160,168,1,0
BRDA:164,237,0,0
BRDA:164,237,1,0
BRDA:151,137,1,1
FN:184,System.Void Xunit.Runner.VisualStudio.VsTestRunner::Microsoft.VisualStudio.TestPlatform.ObjectModel.Adapter.ITestExecutor.RunTests(System.Collections.Generic.IEnumerable`1<Microsoft.VisualStudio.TestPlatform.ObjectModel.TestCase>,Microsoft.VisualStudio.TestPlatform.ObjectModel.Adapter.IRunContext,Microsoft.VisualStudio.TestPlatform.ObjectModel.Adapter.IFrameworkHandle)
FNDA:0,System.Void Xunit.Runner.VisualStudio.VsTestRunner::Microsoft.VisualStudio.TestPlatform.ObjectModel.Adapter.ITestExecutor.RunTests(System.Collections.Generic.IEnumerable`1<Microsoft.VisualStudio.TestPlatform.ObjectModel.TestCase>,Microsoft.VisualStudio.TestPlatform.ObjectModel.Adapter.IRunContext,Microsoft.VisualStudio.TestPlatform.ObjectModel.Adapter.IFrameworkHandle)
DA:185,0
DA:186,0
DA:188,0
DA:189,0
DA:190,0
DA:192,0
DA:196,0
DA:197,0
DA:198,0
DA:199,0
DA:200,0
DA:202,0
DA:203,0
DA:204,0
DA:205,0
DA:206,0
DA:207,0
DA:208,0
BRDA:186,51,0,0
BRDA:186,51,1,0
BRDA:190,109,0,0
BRDA:190,109,1,0
BRDA:190,121,0,0
BRDA:190,121,1,0
FN:212,System.Boolean Xunit.Runner.VisualStudio.VsTestRunner::ContainsAppX(System.Collections.Generic.IEnumerable`1<System.String>)
FNDA:2,System.Boolean Xunit.Runner.VisualStudio.VsTestRunner::ContainsAppX(System.Collections.Generic.IEnumerable`1<System.String>)
DA:213,2
BRDA:213,7,0,1
BRDA:213,7,1,1
FN:224,System.Void Xunit.Runner.VisualStudio.VsTestRunner::DiscoverTests(System.Collections.Generic.IEnumerable`1<System.String>,LoggerHelper,Xunit.Runner.VisualStudio.TestPlatformContext,Xunit.Runner.VisualStudio.RunSettings,System.Func`4<System.String,Xunit.Abstractions.ITestFrameworkDiscoverer,Xunit.Abstractions.ITestFrameworkDiscoveryOptions,TVisitor>,System.Action`4<System.String,Xunit.Abstractions.ITestFrameworkDiscoverer,Xunit.Abstractions.ITestFrameworkDiscoveryOptions,TVisitor>)
FNDA:0,System.Void Xunit.Runner.VisualStudio.VsTestRunner::DiscoverTests(System.Collections.Generic.IEnumerable`1<System.String>,LoggerHelper,Xunit.Runner.VisualStudio.TestPlatformContext,Xunit.Runner.VisualStudio.RunSettings,System.Func`4<System.String,Xunit.Abstractions.ITestFrameworkDiscoverer,Xunit.Abstractions.ITestFrameworkDiscoveryOptions,TVisitor>,System.Action`4<System.String,Xunit.Abstractions.ITestFrameworkDiscoverer,Xunit.Abstractions.ITestFrameworkDiscoveryOptions,TVisitor>)
DA:225,0
DA:227,0
DA:229,0
DA:231,0
DA:233,0
DA:234,0
DA:235,0
DA:236,0
DA:237,0
DA:239,0
DA:240,0
DA:241,0
DA:243,0
DA:244,0
DA:245,0
DA:247,0
DA:248,0
DA:249,0
BRDA:231,174,1,0
BRDA:240,150,0,0
BRDA:240,150,1,0
BRDA:231,174,0,0
FN:261,System.Boolean Xunit.Runner.VisualStudio.VsTestRunner::DiscoverTestsInSource(Xunit.XunitFrontController,LoggerHelper,Xunit.Runner.VisualStudio.TestPlatformContext,Xunit.Runner.VisualStudio.RunSettings,System.Func`4<System.String,Xunit.Abstractions.ITestFrameworkDiscoverer,Xunit.Abstractions.ITestFrameworkDiscoveryOptions,TVisitor>,System.Action`4<System.String,Xunit.Abstractions.ITestFrameworkDiscoverer,Xunit.Abstractions.ITestFrameworkDiscoveryOptions,TVisitor>,System.String,System.Boolean,Xunit.TestAssemblyConfiguration)
FNDA:1,System.Boolean Xunit.Runner.VisualStudio.VsTestRunner::DiscoverTestsInSource(Xunit.XunitFrontController,LoggerHelper,Xunit.Runner.VisualStudio.TestPlatformContext,Xunit.Runner.VisualStudio.RunSettings,System.Func`4<System.String,Xunit.Abstractions.ITestFrameworkDiscoverer,Xunit.Abstractions.ITestFrameworkDiscoveryOptions,TVisitor>,System.Action`4<System.String,Xunit.Abstractions.ITestFrameworkDiscoverer,Xunit.Abstractions.ITestFrameworkDiscoveryOptions,TVisitor>,System.String,System.Boolean,Xunit.TestAssemblyConfiguration)
DA:262,1
DA:263,0
DA:265,1
DA:269,1
DA:270,1
DA:271,1
DA:273,1
DA:275,0
DA:276,0
DA:277,0
DA:280,1
DA:281,1
DA:282,1
DA:283,1
DA:285,0
DA:286,0
DA:287,0
DA:290,1
DA:292,1
DA:294,1
DA:295,1
DA:296,1
DA:300,1
DA:302,1
DA:304,1
DA:305,1
DA:308,1
DA:309,1
DA:310,1
DA:313,1
DA:316,0
DA:318,0
DA:319,0
DA:320,0
DA:321,0
DA:323,0
DA:324,0
DA:327,0
DA:328,0
DA:330,1
BRDA:262,6,0,0
BRDA:262,6,1,1
BRDA:273,76,0,0
BRDA:275,85,0,0
BRDA:273,76,1,1
BRDA:281,135,0,1
BRDA:281,149,0,1
BRDA:281,135,1,0
BRDA:281,149,1,0
BRDA:281,163,0,0
BRDA:285,172,0,0
BRDA:281,163,1,1
BRDA:295,239,0,0
BRDA:295,239,1,1
BRDA:304,315,0,1
BRDA:304,315,1,1
BRDA:275,85,1,1
BRDA:285,172,1,1
BRDA:318,397,0,0
BRDA:318,397,1,0
BRDA:320,442,0,0
BRDA:320,442,1,0
BRDA:323,492,0,0
BRDA:323,492,1,0
FN:335,System.IO.Stream Xunit.Runner.VisualStudio.VsTestRunner::GetConfigurationStreamForAssembly(System.String)
FNDA:0,System.IO.Stream Xunit.Runner.VisualStudio.VsTestRunner::GetConfigurationStreamForAssembly(System.String)
DA:336,0
DA:338,0
DA:339,0
DA:341,0
DA:342,0
DA:346,0
DA:347,0
DA:349,0
DA:350,0
DA:352,0
BRDA:336,6,0,0
BRDA:338,30,0,0
BRDA:338,30,1,0
BRDA:341,71,0,0
BRDA:336,6,1,0
BRDA:341,71,1,0
BRDA:346,106,0,0
BRDA:346,106,1,0
BRDA:349,135,0,0
BRDA:349,135,1,0
FN:355,Microsoft.VisualStudio.TestPlatform.ObjectModel.TestProperty Xunit.Runner.VisualStudio.VsTestRunner::GetTestProperty()
FNDA:1,Microsoft.VisualStudio.TestPlatform.ObjectModel.TestProperty Xunit.Runner.VisualStudio.VsTestRunner::GetTestProperty()
DA:356,1
FN:360,System.Boolean Xunit.Runner.VisualStudio.VsTestRunner::IsXunitTestAssembly(System.String)
FNDA:1,System.Boolean Xunit.Runner.VisualStudio.VsTestRunner::IsXunitTestAssembly(System.String)
DA:361,1
DA:362,0
DA:365,1
BRDA:361,16,0,0
BRDA:361,16,1,1
FN:381,System.Boolean Xunit.Runner.VisualStudio.VsTestRunner::IsXunitPackageReferenced(System.String)
FNDA:1,System.Boolean Xunit.Runner.VisualStudio.VsTestRunner::IsXunitPackageReferenced(System.String)
DA:382,1
DA:383,1
DA:384,0
DA:388,1
DA:390,1
DA:391,54
DA:392,1
DA:395,0
DA:397,0
DA:399,1
BRDA:383,23,0,0
BRDA:383,23,1,1
BRDA:391,72,0,1
BRDA:391,72,1,1
FN:404,System.String Xunit.Runner.VisualStudio.VsTestRunner::GetAssemblyFileName(System.String)
FNDA:1,System.String Xunit.Runner.VisualStudio.VsTestRunner::GetAssemblyFileName(System.String)
DA:405,1
FN:416,Xunit.TestAssemblyConfiguration Xunit.Runner.VisualStudio.VsTestRunner::LoadConfiguration(System.String)
FNDA:1,Xunit.TestAssemblyConfiguration Xunit.Runner.VisualStudio.VsTestRunner::LoadConfiguration(System.String)
DA:417,1
FN:427,System.Void Xunit.Runner.VisualStudio.VsTestRunner::RunTests(Microsoft.VisualStudio.TestPlatform.ObjectModel.Adapter.IRunContext,Microsoft.VisualStudio.TestPlatform.ObjectModel.Adapter.IFrameworkHandle,LoggerHelper,Xunit.Runner.VisualStudio.TestPlatformContext,Xunit.Runner.VisualStudio.RunSettings,System.Func`1<System.Collections.Generic.List`1<Xunit.Runner.VisualStudio.AssemblyRunInfo>>)
FNDA:1,System.Void Xunit.Runner.VisualStudio.VsTestRunner::RunTests(Microsoft.VisualStudio.TestPlatform.ObjectModel.Adapter.IRunContext,Microsoft.VisualStudio.TestPlatform.ObjectModel.Adapter.IFrameworkHandle,LoggerHelper,Xunit.Runner.VisualStudio.TestPlatformContext,Xunit.Runner.VisualStudio.RunSettings,System.Func`1<System.Collections.Generic.List`1<Xunit.Runner.VisualStudio.AssemblyRunInfo>>)
DA:428,1
DA:429,1
DA:433,1
DA:435,1
DA:437,1
DA:438,2
DA:439,3
DA:440,1
DA:441,1
DA:443,1
DA:445,1
DA:446,0
DA:447,0
DA:448,0
DA:449,0
DA:451,1
DA:452,2
DA:453,1
DA:454,1
DA:455,0
DA:457,0
DA:458,0
DA:459,1
BRDA:438,131,0,1
BRDA:438,140,0,1
BRDA:438,140,1,1
BRDA:438,131,1,0
BRDA:439,204,0,1
BRDA:439,204,1,1
BRDA:445,329,0,0
BRDA:446,360,0,0
BRDA:446,360,1,0
BRDA:445,329,1,1
FN:468,System.Void Xunit.Runner.VisualStudio.VsTestRunner::RunTestsInAssembly(Microsoft.VisualStudio.TestPlatform.ObjectModel.Adapter.IRunContext,Microsoft.VisualStudio.TestPlatform.ObjectModel.Adapter.IFrameworkHandle,LoggerHelper,Xunit.Runner.VisualStudio.TestPlatformContext,Xunit.Runner.VisualStudio.RunSettings,Xunit.IMessageSinkWithTypes,Xunit.Runner.VisualStudio.AssemblyRunInfo)
FNDA:1,System.Void Xunit.Runner.VisualStudio.VsTestRunner::RunTestsInAssembly(Microsoft.VisualStudio.TestPlatform.ObjectModel.Adapter.IRunContext,Microsoft.VisualStudio.TestPlatform.ObjectModel.Adapter.IFrameworkHandle,LoggerHelper,Xunit.Runner.VisualStudio.TestPlatformContext,Xunit.Runner.VisualStudio.RunSettings,Xunit.IMessageSinkWithTypes,Xunit.Runner.VisualStudio.AssemblyRunInfo)
DA:469,1
DA:470,0
DA:472,1
DA:476,1
DA:477,1
DA:478,1
DA:479,1
DA:480,1
DA:482,1
DA:483,1
DA:485,1
DA:486,0
DA:493,1
DA:494,1
DA:495,1
DA:497,1
DA:498,1
DA:499,1
DA:502,1
DA:503,1
DA:504,44
DA:505,1
DA:506,1
DA:507,2
DA:508,1
DA:509,1
DA:510,1
DA:511,1
DA:512,2
DA:513,2
DA:514,2
DA:515,2
DA:516,2
DA:517,2
DA:518,1
DA:519,1
DA:520,1
DA:521,1
DA:523,1
DA:525,0
DA:526,0
DA:528,0
DA:532,42
DA:533,1
DA:534,42
DA:536,84
DA:538,41
DA:539,41
DA:540,0
DA:543,41
DA:544,41
DA:552,0
DA:553,0
DA:554,0
DA:556,0
DA:557,0
DA:558,0
DA:559,0
DA:560,0
DA:562,0
DA:564,0
DA:565,0
DA:568,0
DA:572,0
DA:573,0
DA:575,0
DA:577,0
DA:578,0
DA:581,0
DA:582,0
DA:584,0
DA:585,0
DA:587,0
DA:588,0
DA:591,0
DA:592,0
DA:594,0
DA:595,0
DA:599,1
DA:600,1
DA:602,0
DA:603,0
DA:606,1
DA:608,125
DA:610,1
DA:611,1
DA:612,0
DA:614,1
DA:615,1
DA:617,1
DA:618,1
DA:619,1
DA:620,1
DA:621,0
DA:623,0
DA:624,0
DA:625,1
BRDA:469,34,0,0
BRDA:469,34,1,1
BRDA:482,115,0,1
BRDA:482,115,1,0
BRDA:485,153,0,0
BRDA:485,153,1,1
BRDA:499,231,0,0
BRDA:499,231,1,1
BRDA:499,245,0,1
BRDA:523,360,0,1
BRDA:523,360,1,0
BRDA:523,379,0,0
BRDA:525,388,0,0
BRDA:525,388,1,0
BRDA:523,379,1,1
BRDA:532,456,0,1
BRDA:532,456,1,1
BRDA:536,719,1,41
BRDA:539,606,0,0
BRDA:539,606,1,41
BRDA:536,719,0,1
BRDA:499,245,1,0
BRDA:552,757,0,0
BRDA:552,757,1,0
BRDA:556,801,0,0
BRDA:557,865,0,0
BRDA:557,865,1,0
BRDA:556,801,1,0
BRDA:564,919,0,0
BRDA:564,919,1,0
BRDA:568,1132,1,0
BRDA:575,991,0,0
BRDA:575,991,1,0
BRDA:568,1132,0,0
BRDA:600,1192,0,0
BRDA:600,1192,1,1
BRDA:611,1275,0,0
BRDA:611,1275,1,1
FN:634,System.Threading.ManualResetEvent Xunit.Runner.VisualStudio.VsTestRunner::RunTestsInAssemblyAsync(Microsoft.VisualStudio.TestPlatform.ObjectModel.Adapter.IRunContext,Microsoft.VisualStudio.TestPlatform.ObjectModel.Adapter.IFrameworkHandle,LoggerHelper,Xunit.Runner.VisualStudio.TestPlatformContext,Xunit.Runner.VisualStudio.RunSettings,Xunit.IMessageSinkWithTypes,Xunit.Runner.VisualStudio.AssemblyRunInfo)
FNDA:0,System.Threading.ManualResetEvent Xunit.Runner.VisualStudio.VsTestRunner::RunTestsInAssemblyAsync(Microsoft.VisualStudio.TestPlatform.ObjectModel.Adapter.IRunContext,Microsoft.VisualStudio.TestPlatform.ObjectModel.Adapter.IFrameworkHandle,LoggerHelper,Xunit.Runner.VisualStudio.TestPlatformContext,Xunit.Runner.VisualStudio.RunSettings,Xunit.IMessageSinkWithTypes,Xunit.Runner.VisualStudio.AssemblyRunInfo)
DA:635,0
DA:636,0
DA:637,0
DA:638,0
DA:639,0
DA:640,0
DA:641,0
DA:642,0
DA:643,0
DA:644,0
DA:645,0
DA:646,0
DA:651,0
DA:654,0
FN:658,Xunit.IRunnerReporter Xunit.Runner.VisualStudio.VsTestRunner::GetRunnerReporter(LoggerHelper,Xunit.Runner.VisualStudio.RunSettings,System.Collections.Generic.IEnumerable`1<System.String>)
FNDA:2,Xunit.IRunnerReporter Xunit.Runner.VisualStudio.VsTestRunner::GetRunnerReporter(LoggerHelper,Xunit.Runner.VisualStudio.RunSettings,System.Collections.Generic.IEnumerable`1<System.String>)
DA:659,2
DA:660,4
DA:664,2
DA:666,0
DA:667,0
DA:668,0
DA:671,2
DA:672,14
DA:673,2
DA:674,0
DA:676,2
BRDA:664,56,0,0
BRDA:667,83,0,0
BRDA:664,56,1,2
BRDA:667,83,1,2
BRDA:671,117,0,2
BRDA:671,130,0,2
BRDA:672,144,0,1
BRDA:672,144,1,2
BRDA:671,117,1,2
BRDA:671,130,1,2
BRDA:676,182,0,2
BRDA:676,182,1,2
FN:685,System.Collections.Generic.IReadOnlyList`1<Xunit.IRunnerReporter> Xunit.Runner.VisualStudio.VsTestRunner::GetAvailableRunnerReporters(System.Collections.Generic.IEnumerable`1<System.String>)
FNDA:2,System.Collections.Generic.IReadOnlyList`1<Xunit.IRunnerReporter> Xunit.Runner.VisualStudio.VsTestRunner::GetAvailableRunnerReporters(System.Collections.Generic.IEnumerable`1<System.String>)
DA:686,2
DA:687,2
DA:688,2
DA:689,4
DA:690,2
DA:691,4
DA:692,2
DA:693,4
DA:694,2
DA:696,2
DA:697,2
DA:700,2
DA:701,2
DA:702,2
DA:703,28
DA:704,26
DA:705,2
DA:707,1556
DA:711,776
DA:712,124344
DA:715,114354
DA:719,24
DA:720,12
DA:722,0
DA:723,0
DA:724,0
DA:725,0
DA:728,12
DA:730,776
DA:731,0
DA:733,0
DA:737,2
BRDA:688,36,0,1
BRDA:688,36,1,2
BRDA:688,89,0,1
BRDA:688,89,1,2
BRDA:693,148,0,1
BRDA:693,148,1,2
BRDA:700,250,0,1
BRDA:700,250,1,2
BRDA:700,286,0,1
BRDA:700,286,1,2
BRDA:707,650,1,776
BRDA:712,620,1,61396
BRDA:715,386,0,61396
BRDA:715,398,0,49498
BRDA:715,420,0,49496
BRDA:715,442,0,49494
BRDA:715,460,0,1
BRDA:715,460,1,49494
BRDA:715,490,0,12
BRDA:719,505,0,1
BRDA:719,505,1,12
BRDA:720,539,0,0
BRDA:720,539,1,12
BRDA:715,386,1,62172
BRDA:715,398,1,62172
BRDA:715,420,1,62172
BRDA:715,442,1,62172
BRDA:715,490,1,62172
BRDA:712,620,0,776
BRDA:707,650,0,2
FN:793,System.Collections.Generic.IList`1<Xunit.Runner.VisualStudio.VsTestRunner/DiscoveredTestCase> Xunit.Runner.VisualStudio.VsTestRunner::GetVsTestCases(System.String,Xunit.Abstractions.ITestFrameworkDiscoverer,Xunit.Runner.VisualStudio.VsExecutionDiscoverySink,LoggerHelper,Xunit.Runner.VisualStudio.TestPlatformContext)
FNDA:1,System.Collections.Generic.IList`1<Xunit.Runner.VisualStudio.VsTestRunner/DiscoveredTestCase> Xunit.Runner.VisualStudio.VsTestRunner::GetVsTestCases(System.String,Xunit.Abstractions.ITestFrameworkDiscoverer,Xunit.Runner.VisualStudio.VsExecutionDiscoverySink,LoggerHelper,Xunit.Runner.VisualStudio.TestPlatformContext)
DA:794,1
DA:795,1
DA:796,1
DA:797,1
DA:799,84
DA:801,41
DA:802,41
DA:803,41
DA:806,1
BRDA:794,7,0,0
BRDA:794,7,1,1
BRDA:799,101,1,41
BRDA:802,80,0,41
BRDA:802,80,1,41
BRDA:799,101,0,1
FN:31,System.Void Xunit.Runner.VisualStudio.VsTestRunner::.cctor()
FNDA:1,System.Void Xunit.Runner.VisualStudio.VsTestRunner::.cctor()
DA:32,1
DA:33,1
DA:34,1
DA:37,1
DA:42,1
DA:43,1
DA:44,1
DA:45,1
DA:46,1
DA:47,1
DA:48,1
DA:49,1
DA:50,1
DA:51,1
DA:52,1
DA:53,1
DA:54,1
DA:55,1
DA:56,1
DA:57,1
DA:58,1
DA:59,1
DA:60,1
DA:61,1
DA:62,1
DA:63,1
DA:64,1
DA:65,1
FN:816,System.String Xunit.Runner.VisualStudio.VsTestRunner/DiscoveredTestCase::get_Name()
FNDA:0,System.String Xunit.Runner.VisualStudio.VsTestRunner/DiscoveredTestCase::get_Name()
DA:817,0
FN:818,System.Collections.Generic.IEnumerable`1<System.String> Xunit.Runner.VisualStudio.VsTestRunner/DiscoveredTestCase::get_TraitNames()
FNDA:41,System.Collections.Generic.IEnumerable`1<System.String> Xunit.Runner.VisualStudio.VsTestRunner/DiscoveredTestCase::get_TraitNames()
DA:819,41
FN:820,Microsoft.VisualStudio.TestPlatform.ObjectModel.TestCase Xunit.Runner.VisualStudio.VsTestRunner/DiscoveredTestCase::get_VSTestCase()
FNDA:123,Microsoft.VisualStudio.TestPlatform.ObjectModel.TestCase Xunit.Runner.VisualStudio.VsTestRunner/DiscoveredTestCase::get_VSTestCase()
DA:821,123
FN:822,Xunit.Abstractions.ITestCase Xunit.Runner.VisualStudio.VsTestRunner/DiscoveredTestCase::get_TestCase()
FNDA:41,Xunit.Abstractions.ITestCase Xunit.Runner.VisualStudio.VsTestRunner/DiscoveredTestCase::get_TestCase()
DA:823,41
FN:824,System.String Xunit.Runner.VisualStudio.VsTestRunner/DiscoveredTestCase::get_UniqueID()
FNDA:41,System.String Xunit.Runner.VisualStudio.VsTestRunner/DiscoveredTestCase::get_UniqueID()
DA:825,41
FN:826,System.Void Xunit.Runner.VisualStudio.VsTestRunner/DiscoveredTestCase::.ctor(System.String,Xunit.TestCaseDescriptor,Xunit.Abstractions.ITestCase,LoggerHelper,Xunit.Runner.VisualStudio.TestPlatformContext)
FNDA:41,System.Void Xunit.Runner.VisualStudio.VsTestRunner/DiscoveredTestCase::.ctor(System.String,Xunit.TestCaseDescriptor,Xunit.Abstractions.ITestCase,LoggerHelper,Xunit.Runner.VisualStudio.TestPlatformContext)
DA:827,41
DA:829,41
DA:830,41
DA:831,41
DA:832,41
DA:833,41
DA:834,41
LF:395
LH:223
BRF:184
BRH:93
FNF:27
FNH:20
end_of_record
SF:/var/www/html/AccountingBackend/AccountingBackend.Commons/QueryHerpers/CommonQueryString.cs
FN:12,System.String AccountingBackend.Commons.QueryHelpers.ApiQueryString::get_SortBy()
FNDA:14,System.String AccountingBackend.Commons.QueryHelpers.ApiQueryString::get_SortBy()
DA:13,14
FN:13,System.String AccountingBackend.Commons.QueryHelpers.ApiQueryString::get_Direction()
FNDA:14,System.String AccountingBackend.Commons.QueryHelpers.ApiQueryString::get_Direction()
DA:14,14
FN:15,System.String AccountingBackend.Commons.QueryHelpers.ApiQueryString::get_SearchString()
FNDA:8,System.String AccountingBackend.Commons.QueryHelpers.ApiQueryString::get_SearchString()
DA:16,8
DA:17,8
DA:18,8
FN:18,System.Void AccountingBackend.Commons.QueryHelpers.ApiQueryString::set_SearchString(System.String)
FNDA:0,System.Void AccountingBackend.Commons.QueryHelpers.ApiQueryString::set_SearchString(System.String)
DA:19,0
DA:20,0
DA:21,0
BRDA:20,3,0,0
BRDA:20,3,1,0
FN:23,System.Int32 AccountingBackend.Commons.QueryHelpers.ApiQueryString::get_PageSize()
FNDA:26,System.Int32 AccountingBackend.Commons.QueryHelpers.ApiQueryString::get_PageSize()
DA:24,26
FN:25,System.Int32 AccountingBackend.Commons.QueryHelpers.ApiQueryString::get_PageNumber()
FNDA:11,System.Int32 AccountingBackend.Commons.QueryHelpers.ApiQueryString::get_PageNumber()
DA:26,11
DA:27,11
DA:28,11
FN:28,System.Void AccountingBackend.Commons.QueryHelpers.ApiQueryString::set_PageNumber(System.Int32)
FNDA:0,System.Void AccountingBackend.Commons.QueryHelpers.ApiQueryString::set_PageNumber(System.Int32)
DA:29,0
DA:30,0
DA:31,0
FN:33,System.String AccountingBackend.Commons.QueryHelpers.ApiQueryString::get_SelectedColumns()
FNDA:19,System.String AccountingBackend.Commons.QueryHelpers.ApiQueryString::get_SelectedColumns()
DA:34,19
FN:10,System.Void AccountingBackend.Commons.QueryHelpers.ApiQueryString::.ctor()
FNDA:8,System.Void AccountingBackend.Commons.QueryHelpers.ApiQueryString::.ctor()
DA:11,8
DA:12,8
LF:18
LH:12
BRF:2
BRH:0
FNF:9
FNH:7
end_of_record
SF:/var/www/html/AccountingBackend/AccountingBackend.Commons/QueryHerpers/DynamicQueryHelper.cs
FN:16,System.Func`2<T,T> AccountingBackend.Commons.QueryHelpers.DynamicQueryHelper::GenerateSelectedColumns(System.String)
FNDA:5,System.Func`2<T,T> AccountingBackend.Commons.QueryHelpers.DynamicQueryHelper::GenerateSelectedColumns(System.String)
DA:17,5
DA:19,10
DA:21,5
DA:22,46
DA:23,40
DA:24,5
DA:26,5
DA:27,0
DA:28,0
DA:29,5
DA:30,5
DA:32,40
DA:33,40
DA:34,40
DA:35,40
DA:36,40
DA:37,40
DA:39,5
DA:40,5
DA:42,5
DA:44,5
BRDA:19,17,0,5
BRDA:21,41,0,5
BRDA:21,41,1,5
BRDA:21,77,0,5
BRDA:21,77,1,5
BRDA:19,17,1,0
BRDA:32,185,0,5
BRDA:32,185,1,5
FN:45,System.String AccountingBackend.Commons.QueryHelpers.DynamicQueryHelper::GenerateFilterString(AccountingBackend.Commons.QueryHelpers.ApiQueryString)
FNDA:0,System.String AccountingBackend.Commons.QueryHelpers.DynamicQueryHelper::GenerateFilterString(AccountingBackend.Commons.QueryHelpers.ApiQueryString)
DA:46,0
DA:47,0
DA:48,0
DA:49,0
DA:50,0
DA:51,0
DA:52,0
DA:53,0
DA:54,0
DA:55,0
DA:56,0
DA:58,0
DA:59,0
DA:61,0
DA:63,0
BRDA:52,121,1,0
BRDA:53,63,0,0
BRDA:53,63,1,0
BRDA:52,121,0,0
LF:36
LH:19
BRF:12
BRH:7
FNF:2
FNH:1
end_of_record